# JRE version: OpenJDK Runtime Environment (11.0.7+10) (build 11.0.7+10-b765.65)
# Java VM: OpenJDK 64-Bit Server VM (11.0.7+10-b765.65, mixed mode, tiered, compressed oops, concurrent mark sweep gc, linux-amd64)
Heap:
 par new generation   total 629120K, used 378429K [0x0000000080000000, 0x00000000aaaa0000, 0x00000000aaaa0000)
  eden space 559232K,  66% used [0x0000000080000000, 0x000000009694d278, 0x00000000a2220000)
  from space 69888K,  12% used [0x00000000a6660000, 0x00000000a6ea2548, 0x00000000aaaa0000)
  to   space 69888K,   0% used [0x00000000a2220000, 0x00000000a2220000, 0x00000000a6660000)
 concurrent mark-sweep generation total 1398144K, used 535087K [0x00000000aaaa0000, 0x0000000100000000, 0x0000000100000000)
 Metaspace       used 257182K, capacity 265161K, committed 265580K, reserved 1284096K
  class space    used 28762K, capacity 31922K, committed 31984K, reserved 1048576K
GC Heap History (20 events):
Event: 2626301.787 GC heap before
{Heap before GC invocations=6975 (full 28):
 par new generation   total 629120K, used 585485K [0x0000000080000000, 0x00000000aaaa0000, 0x00000000aaaa0000)
  eden space 559232K, 100% used [0x0000000080000000, 0x00000000a2220000, 0x00000000a2220000)
  from space 69888K,  37% used [0x00000000a6660000, 0x00000000a8003740, 0x00000000aaaa0000)
  to   space 69888K,   0% used [0x00000000a2220000, 0x00000000a2220000, 0x00000000a6660000)
 concurrent mark-sweep generation total 1398144K, used 522069K [0x00000000aaaa0000, 0x0000000100000000, 0x0000000100000000)
 Metaspace       used 257022K, capacity 265015K, committed 265580K, reserved 1284096K
  class space    used 28726K, capacity 31880K, committed 31984K, reserved 1048576K
}
Event: 2626301.807 GC heap after
{Heap after GC invocations=6976 (full 28):
 par new generation   total 629120K, used 18250K [0x0000000080000000, 0x00000000aaaa0000, 0x00000000aaaa0000)
  eden space 559232K,   0% used [0x0000000080000000, 0x0000000080000000, 0x00000000a2220000)
  from space 69888K,  26% used [0x00000000a2220000, 0x00000000a33f2a30, 0x00000000a6660000)
  to   space 69888K,   0% used [0x00000000a6660000, 0x00000000a6660000, 0x00000000aaaa0000)
 concurrent mark-sweep generation total 1398144K, used 524649K [0x00000000aaaa0000, 0x0000000100000000, 0x0000000100000000)
 Metaspace       used 257022K, capacity 265015K, committed 265580K, reserved 1284096K
  class space    used 28726K, capacity 31880K, committed 31984K, reserved 1048576K
}
Event: 2626436.698 GC heap before
{Heap before GC invocations=6976 (full 28):
 par new generation   total 629120K, used 577482K [0x0000000080000000, 0x00000000aaaa0000, 0x00000000aaaa0000)
  eden space 559232K, 100% used [0x0000000080000000, 0x00000000a2220000, 0x00000000a2220000)
  from space 69888K,  26% used [0x00000000a2220000, 0x00000000a33f2a30, 0x00000000a6660000)
  to   space 69888K,   0% used [0x00000000a6660000, 0x00000000a6660000, 0x00000000aaaa0000)
 concurrent mark-sweep generation total 1398144K, used 524649K [0x00000000aaaa0000, 0x0000000100000000, 0x0000000100000000)
 Metaspace       used 257022K, capacity 265015K, committed 265580K, reserved 1284096K
  class space    used 28726K, capacity 31880K, committed 31984K, reserved 1048576K
}
Event: 2626436.702 GC heap after
{Heap after GC invocations=6977 (full 28):
 par new generation   total 629120K, used 13847K [0x0000000080000000, 0x00000000aaaa0000, 0x00000000aaaa0000)
  eden space 559232K,   0% used [0x0000000080000000, 0x0000000080000000, 0x00000000a2220000)
  from space 69888K,  19% used [0x00000000a6660000, 0x00000000a73e5f40, 0x00000000aaaa0000)
  to   space 69888K,   0% used [0x00000000a2220000, 0x00000000a2220000, 0x00000000a6660000)
 concurrent mark-sweep generation total 1398144K, used 524677K [0x00000000aaaa0000, 0x0000000100000000, 0x0000000100000000)
 Metaspace       used 257022K, capacity 265015K, committed 265580K, reserved 1284096K
  class space    used 28726K, capacity 31880K, committed 31984K, reserved 1048576K
}
Event: 2627076.661 GC heap before
{Heap before GC invocations=6977 (full 28):
 par new generation   total 629120K, used 573079K [0x0000000080000000, 0x00000000aaaa0000, 0x00000000aaaa0000)
  eden space 559232K, 100% used [0x0000000080000000, 0x00000000a2220000, 0x00000000a2220000)
  from space 69888K,  19% used [0x00000000a6660000, 0x00000000a73e5f40, 0x00000000aaaa0000)
  to   space 69888K,   0% used [0x00000000a2220000, 0x00000000a2220000, 0x00000000a6660000)
 concurrent mark-sweep generation total 1398144K, used 524677K [0x00000000aaaa0000, 0x0000000100000000, 0x0000000100000000)
 Metaspace       used 257026K, capacity 265015K, committed 265580K, reserved 1284096K
  class space    used 28726K, capacity 31880K, committed 31984K, reserved 1048576K
}
Event: 2627076.666 GC heap after
{Heap after GC invocations=6978 (full 28):
 par new generation   total 629120K, used 14108K [0x0000000080000000, 0x00000000aaaa0000, 0x00000000aaaa0000)
  eden space 559232K,   0% used [0x0000000080000000, 0x0000000080000000, 0x00000000a2220000)
  from space 69888K,  20% used [0x00000000a2220000, 0x00000000a2fe7210, 0x00000000a6660000)
  to   space 69888K,   0% used [0x00000000a6660000, 0x00000000a6660000, 0x00000000aaaa0000)
 concurrent mark-sweep generation total 1398144K, used 526663K [0x00000000aaaa0000, 0x0000000100000000, 0x0000000100000000)
 Metaspace       used 257026K, capacity 265015K, committed 265580K, reserved 1284096K
  class space    used 28726K, capacity 31880K, committed 31984K, reserved 1048576K
}
Event: 2627265.177 GC heap before
{Heap before GC invocations=6978 (full 28):
 par new generation   total 629120K, used 573340K [0x0000000080000000, 0x00000000aaaa0000, 0x00000000aaaa0000)
  eden space 559232K, 100% used [0x0000000080000000, 0x00000000a2220000, 0x00000000a2220000)
  from space 69888K,  20% used [0x00000000a2220000, 0x00000000a2fe7210, 0x00000000a6660000)
  to   space 69888K,   0% used [0x00000000a6660000, 0x00000000a6660000, 0x00000000aaaa0000)
 concurrent mark-sweep generation total 1398144K, used 526663K [0x00000000aaaa0000, 0x0000000100000000, 0x0000000100000000)
 Metaspace       used 257044K, capacity 265079K, committed 265580K, reserved 1284096K
  class space    used 28726K, capacity 31880K, committed 31984K, reserved 1048576K
}
Event: 2627265.182 GC heap after
{Heap after GC invocations=6979 (full 28):
 par new generation   total 629120K, used 8275K [0x0000000080000000, 0x00000000aaaa0000, 0x00000000aaaa0000)
  eden space 559232K,   0% used [0x0000000080000000, 0x0000000080000000, 0x00000000a2220000)
  from space 69888K,  11% used [0x00000000a6660000, 0x00000000a6e74ec0, 0x00000000aaaa0000)
  to   space 69888K,   0% used [0x00000000a2220000, 0x00000000a2220000, 0x00000000a6660000)
 concurrent mark-sweep generation total 1398144K, used 530096K [0x00000000aaaa0000, 0x0000000100000000, 0x0000000100000000)
 Metaspace       used 257044K, capacity 265079K, committed 265580K, reserved 1284096K
  class space    used 28726K, capacity 31880K, committed 31984K, reserved 1048576K
}
Event: 2627267.261 GC heap before
{Heap before GC invocations=6979 (full 28):
 par new generation   total 629120K, used 567507K [0x0000000080000000, 0x00000000aaaa0000, 0x00000000aaaa0000)
  eden space 559232K, 100% used [0x0000000080000000, 0x00000000a2220000, 0x00000000a2220000)
  from space 69888K,  11% used [0x00000000a6660000, 0x00000000a6e74ec0, 0x00000000aaaa0000)
  to   space 69888K,   0% used [0x00000000a2220000, 0x00000000a2220000, 0x00000000a6660000)
 concurrent mark-sweep generation total 1398144K, used 530096K [0x00000000aaaa0000, 0x0000000100000000, 0x0000000100000000)
 Metaspace       used 257047K, capacity 265079K, committed 265580K, reserved 1284096K
  class space    used 28726K, capacity 31880K, committed 31984K, reserved 1048576K
}
Event: 2627267.267 GC heap after
{Heap after GC invocations=6980 (full 28):
 par new generation   total 629120K, used 17782K [0x0000000080000000, 0x00000000aaaa0000, 0x00000000aaaa0000)
  eden space 559232K,   0% used [0x0000000080000000, 0x0000000080000000, 0x00000000a2220000)
  from space 69888K,  25% used [0x00000000a2220000, 0x00000000a337da78, 0x00000000a6660000)
  to   space 69888K,   0% used [0x00000000a6660000, 0x00000000a6660000, 0x00000000aaaa0000)
 concurrent mark-sweep generation total 1398144K, used 530189K [0x00000000aaaa0000, 0x0000000100000000, 0x0000000100000000)
 Metaspace       used 257047K, capacity 265079K, committed 265580K, reserved 1284096K
  class space    used 28726K, capacity 31880K, committed 31984K, reserved 1048576K
}
Event: 2627279.931 GC heap before
{Heap before GC invocations=6980 (full 28):
 par new generation   total 629120K, used 577014K [0x0000000080000000, 0x00000000aaaa0000, 0x00000000aaaa0000)
  eden space 559232K, 100% used [0x0000000080000000, 0x00000000a2220000, 0x00000000a2220000)
  from space 69888K,  25% used [0x00000000a2220000, 0x00000000a337da78, 0x00000000a6660000)
  to   space 69888K,   0% used [0x00000000a6660000, 0x00000000a6660000, 0x00000000aaaa0000)
 concurrent mark-sweep generation total 1398144K, used 530189K [0x00000000aaaa0000, 0x0000000100000000, 0x0000000100000000)
 Metaspace       used 257048K, capacity 265079K, committed 265580K, reserved 1284096K
  class space    used 28726K, capacity 31880K, committed 31984K, reserved 1048576K
}
Event: 2627279.938 GC heap after
{Heap after GC invocations=6981 (full 28):
 par new generation   total 629120K, used 24073K [0x0000000080000000, 0x00000000aaaa0000, 0x00000000aaaa0000)
  eden space 559232K,   0% used [0x0000000080000000, 0x0000000080000000, 0x00000000a2220000)
  from space 69888K,  34% used [0x00000000a6660000, 0x00000000a7de2520, 0x00000000aaaa0000)
  to   space 69888K,   0% used [0x00000000a2220000, 0x00000000a2220000, 0x00000000a6660000)
 concurrent mark-sweep generation total 1398144K, used 530217K [0x00000000aaaa0000, 0x0000000100000000, 0x0000000100000000)
 Metaspace       used 257048K, capacity 265079K, committed 265580K, reserved 1284096K
  class space    used 28726K, capacity 31880K, committed 31984K, reserved 1048576K
}
Event: 2627321.299 GC heap before
{Heap before GC invocations=6981 (full 28):
 par new generation   total 629120K, used 583305K [0x0000000080000000, 0x00000000aaaa0000, 0x00000000aaaa0000)
  eden space 559232K, 100% used [0x0000000080000000, 0x00000000a2220000, 0x00000000a2220000)
  from space 69888K,  34% used [0x00000000a6660000, 0x00000000a7de2520, 0x00000000aaaa0000)
  to   space 69888K,   0% used [0x00000000a2220000, 0x00000000a2220000, 0x00000000a6660000)
 concurrent mark-sweep generation total 1398144K, used 530217K [0x00000000aaaa0000, 0x0000000100000000, 0x0000000100000000)
 Metaspace       used 257069K, capacity 265109K, committed 265580K, reserved 1284096K
  class space    used 28729K, capacity 31885K, committed 31984K, reserved 1048576K
}
Event: 2627321.304 GC heap after
{Heap after GC invocations=6982 (full 28):
 par new generation   total 629120K, used 24390K [0x0000000080000000, 0x00000000aaaa0000, 0x00000000aaaa0000)
  eden space 559232K,   0% used [0x0000000080000000, 0x0000000080000000, 0x00000000a2220000)
  from space 69888K,  34% used [0x00000000a2220000, 0x00000000a39f1ab8, 0x00000000a6660000)
  to   space 69888K,   0% used [0x00000000a6660000, 0x00000000a6660000, 0x00000000aaaa0000)
 concurrent mark-sweep generation total 1398144K, used 530915K [0x00000000aaaa0000, 0x0000000100000000, 0x0000000100000000)
 Metaspace       used 257069K, capacity 265109K, committed 265580K, reserved 1284096K
  class space    used 28729K, capacity 31885K, committed 31984K, reserved 1048576K
}
Event: 2627461.940 GC heap before
{Heap before GC invocations=6982 (full 28):
 par new generation   total 629120K, used 583622K [0x0000000080000000, 0x00000000aaaa0000, 0x00000000aaaa0000)
  eden space 559232K, 100% used [0x0000000080000000, 0x00000000a2220000, 0x00000000a2220000)
  from space 69888K,  34% used [0x00000000a2220000, 0x00000000a39f1ab8, 0x00000000a6660000)
  to   space 69888K,   0% used [0x00000000a6660000, 0x00000000a6660000, 0x00000000aaaa0000)
 concurrent mark-sweep generation total 1398144K, used 530915K [0x00000000aaaa0000, 0x0000000100000000, 0x0000000100000000)
 Metaspace       used 257069K, capacity 265109K, committed 265580K, reserved 1284096K
  class space    used 28729K, capacity 31885K, committed 31984K, reserved 1048576K
}
Event: 2627461.945 GC heap after
{Heap after GC invocations=6983 (full 28):
 par new generation   total 629120K, used 22240K [0x0000000080000000, 0x00000000aaaa0000, 0x00000000aaaa0000)
  eden space 559232K,   0% used [0x0000000080000000, 0x0000000080000000, 0x00000000a2220000)
  from space 69888K,  31% used [0x00000000a6660000, 0x00000000a7c183d0, 0x00000000aaaa0000)
  to   space 69888K,   0% used [0x00000000a2220000, 0x00000000a2220000, 0x00000000a6660000)
 concurrent mark-sweep generation total 1398144K, used 531213K [0x00000000aaaa0000, 0x0000000100000000, 0x0000000100000000)
 Metaspace       used 257069K, capacity 265109K, committed 265580K, reserved 1284096K
  class space    used 28729K, capacity 31885K, committed 31984K, reserved 1048576K
}
Event: 2627593.827 GC heap before
{Heap before GC invocations=6983 (full 28):
 par new generation   total 629120K, used 581472K [0x0000000080000000, 0x00000000aaaa0000, 0x00000000aaaa0000)
  eden space 559232K, 100% used [0x0000000080000000, 0x00000000a2220000, 0x00000000a2220000)
  from space 69888K,  31% used [0x00000000a6660000, 0x00000000a7c183d0, 0x00000000aaaa0000)
  to   space 69888K,   0% used [0x00000000a2220000, 0x00000000a2220000, 0x00000000a6660000)
 concurrent mark-sweep generation total 1398144K, used 531213K [0x00000000aaaa0000, 0x0000000100000000, 0x0000000100000000)
 Metaspace       used 257140K, capacity 265145K, committed 265580K, reserved 1284096K
  class space    used 28757K, capacity 31918K, committed 31984K, reserved 1048576K
}
Event: 2627593.832 GC heap after
{Heap after GC invocations=6984 (full 28):
 par new generation   total 629120K, used 16025K [0x0000000080000000, 0x00000000aaaa0000, 0x00000000aaaa0000)
  eden space 559232K,   0% used [0x0000000080000000, 0x0000000080000000, 0x00000000a2220000)
  from space 69888K,  22% used [0x00000000a2220000, 0x00000000a31c6410, 0x00000000a6660000)
  to   space 69888K,   0% used [0x00000000a6660000, 0x00000000a6660000, 0x00000000aaaa0000)
 concurrent mark-sweep generation total 1398144K, used 531220K [0x00000000aaaa0000, 0x0000000100000000, 0x0000000100000000)
 Metaspace       used 257140K, capacity 265145K, committed 265580K, reserved 1284096K
  class space    used 28757K, capacity 31918K, committed 31984K, reserved 1048576K
}
Event: 2627598.632 GC heap before
{Heap before GC invocations=6984 (full 28):
 par new generation   total 629120K, used 575257K [0x0000000080000000, 0x00000000aaaa0000, 0x00000000aaaa0000)
  eden space 559232K, 100% used [0x0000000080000000, 0x00000000a2220000, 0x00000000a2220000)
  from space 69888K,  22% used [0x00000000a2220000, 0x00000000a31c6410, 0x00000000a6660000)
  to   space 69888K,   0% used [0x00000000a6660000, 0x00000000a6660000, 0x00000000aaaa0000)
 concurrent mark-sweep generation total 1398144K, used 531220K [0x00000000aaaa0000, 0x0000000100000000, 0x0000000100000000)
 Metaspace       used 257152K, capacity 265155K, committed 265580K, reserved 1284096K
  class space    used 28758K, capacity 31920K, committed 31984K, reserved 1048576K
}
Event: 2627598.638 GC heap after
{Heap after GC invocations=6985 (full 28):
 par new generation   total 629120K, used 8457K [0x0000000080000000, 0x00000000aaaa0000, 0x00000000aaaa0000)
  eden space 559232K,   0% used [0x0000000080000000, 0x0000000080000000, 0x00000000a2220000)
  from space 69888K,  12% used [0x00000000a6660000, 0x00000000a6ea2548, 0x00000000aaaa0000)
  to   space 69888K,   0% used [0x00000000a2220000, 0x00000000a2220000, 0x00000000a6660000)
 concurrent mark-sweep generation total 1398144K, used 535087K [0x00000000aaaa0000, 0x0000000100000000, 0x0000000100000000)
 Metaspace       used 257152K, capacity 265155K, committed 265580K, reserved 1284096K
  class space    used 28758K, capacity 31920K, committed 31984K, reserved 1048576K
}

