# JRE version: OpenJDK Runtime Environment (11.0.7+10) (build 11.0.7+10-b765.65)
# Java VM: OpenJDK 64-Bit Server VM (11.0.7+10-b765.65, mixed mode, tiered, compressed oops, concurrent mark sweep gc, linux-amd64)
Heap:
 par new generation   total 629120K, used 99004K [0x0000000080000000, 0x00000000aaaa0000, 0x00000000aaaa0000)
  eden space 559232K,  11% used [0x0000000080000000, 0x0000000083c6f508, 0x00000000a2220000)
  from space 69888K,  53% used [0x00000000a2220000, 0x00000000a465fc90, 0x00000000a6660000)
  to   space 69888K,   0% used [0x00000000a6660000, 0x00000000a6660000, 0x00000000aaaa0000)
 concurrent mark-sweep generation total 1398144K, used 755228K [0x00000000aaaa0000, 0x0000000100000000, 0x0000000100000000)
 Metaspace       used 281740K, capacity 290119K, committed 290372K, reserved 1306624K
  class space    used 31063K, capacity 34415K, committed 34572K, reserved 1048576K
GC Heap History (20 events):
Event: 1495362.934 GC heap before
{Heap before GC invocations=11509 (full 49):
 par new generation   total 629120K, used 607786K [0x0000000080000000, 0x00000000aaaa0000, 0x00000000aaaa0000)
  eden space 559232K, 100% used [0x0000000080000000, 0x00000000a2220000, 0x00000000a2220000)
  from space 69888K,  69% used [0x00000000a2220000, 0x00000000a518a840, 0x00000000a6660000)
  to   space 69888K,   0% used [0x00000000a6660000, 0x00000000a6660000, 0x00000000aaaa0000)
 concurrent mark-sweep generation total 1398144K, used 719372K [0x00000000aaaa0000, 0x0000000100000000, 0x0000000100000000)
 Metaspace       used 281588K, capacity 289942K, committed 290372K, reserved 1306624K
  class space    used 31051K, capacity 34400K, committed 34572K, reserved 1048576K
}
Event: 1495362.945 GC heap after
{Heap after GC invocations=11510 (full 49):
 par new generation   total 629120K, used 47260K [0x0000000080000000, 0x00000000aaaa0000, 0x00000000aaaa0000)
  eden space 559232K,   0% used [0x0000000080000000, 0x0000000080000000, 0x00000000a2220000)
  from space 69888K,  67% used [0x00000000a6660000, 0x00000000a9487260, 0x00000000aaaa0000)
  to   space 69888K,   0% used [0x00000000a2220000, 0x00000000a2220000, 0x00000000a6660000)
 concurrent mark-sweep generation total 1398144K, used 728454K [0x00000000aaaa0000, 0x0000000100000000, 0x0000000100000000)
 Metaspace       used 281588K, capacity 289942K, committed 290372K, reserved 1306624K
  class space    used 31051K, capacity 34400K, committed 34572K, reserved 1048576K
}
Event: 1495407.087 GC heap before
{Heap before GC invocations=11510 (full 49):
 par new generation   total 629120K, used 606492K [0x0000000080000000, 0x00000000aaaa0000, 0x00000000aaaa0000)
  eden space 559232K, 100% used [0x0000000080000000, 0x00000000a2220000, 0x00000000a2220000)
  from space 69888K,  67% used [0x00000000a6660000, 0x00000000a9487260, 0x00000000aaaa0000)
  to   space 69888K,   0% used [0x00000000a2220000, 0x00000000a2220000, 0x00000000a6660000)
 concurrent mark-sweep generation total 1398144K, used 728454K [0x00000000aaaa0000, 0x0000000100000000, 0x0000000100000000)
 Metaspace       used 281590K, capacity 289942K, committed 290372K, reserved 1306624K
  class space    used 31051K, capacity 34400K, committed 34572K, reserved 1048576K
}
Event: 1495407.096 GC heap after
{Heap after GC invocations=11511 (full 49):
 par new generation   total 629120K, used 34153K [0x0000000080000000, 0x00000000aaaa0000, 0x00000000aaaa0000)
  eden space 559232K,   0% used [0x0000000080000000, 0x0000000080000000, 0x00000000a2220000)
  from space 69888K,  48% used [0x00000000a2220000, 0x00000000a437a590, 0x00000000a6660000)
  to   space 69888K,   0% used [0x00000000a6660000, 0x00000000a6660000, 0x00000000aaaa0000)
 concurrent mark-sweep generation total 1398144K, used 728454K [0x00000000aaaa0000, 0x0000000100000000, 0x0000000100000000)
 Metaspace       used 281590K, capacity 289942K, committed 290372K, reserved 1306624K
  class space    used 31051K, capacity 34400K, committed 34572K, reserved 1048576K
}
Event: 1495430.349 GC heap before
{Heap before GC invocations=11511 (full 49):
 par new generation   total 629120K, used 593385K [0x0000000080000000, 0x00000000aaaa0000, 0x00000000aaaa0000)
  eden space 559232K, 100% used [0x0000000080000000, 0x00000000a2220000, 0x00000000a2220000)
  from space 69888K,  48% used [0x00000000a2220000, 0x00000000a437a5b0, 0x00000000a6660000)
  to   space 69888K,   0% used [0x00000000a6660000, 0x00000000a6660000, 0x00000000aaaa0000)
 concurrent mark-sweep generation total 1398144K, used 728454K [0x00000000aaaa0000, 0x0000000100000000, 0x0000000100000000)
 Metaspace       used 281595K, capacity 289942K, committed 290372K, reserved 1306624K
  class space    used 31051K, capacity 34400K, committed 34572K, reserved 1048576K
}
Event: 1495430.359 GC heap after
{Heap after GC invocations=11512 (full 49):
 par new generation   total 629120K, used 36873K [0x0000000080000000, 0x00000000aaaa0000, 0x00000000aaaa0000)
  eden space 559232K,   0% used [0x0000000080000000, 0x0000000080000000, 0x00000000a2220000)
  from space 69888K,  52% used [0x00000000a6660000, 0x00000000a8a62608, 0x00000000aaaa0000)
  to   space 69888K,   0% used [0x00000000a2220000, 0x00000000a2220000, 0x00000000a6660000)
 concurrent mark-sweep generation total 1398144K, used 728454K [0x00000000aaaa0000, 0x0000000100000000, 0x0000000100000000)
 Metaspace       used 281595K, capacity 289942K, committed 290372K, reserved 1306624K
  class space    used 31051K, capacity 34400K, committed 34572K, reserved 1048576K
}
Event: 1495557.208 GC heap before
{Heap before GC invocations=11512 (full 49):
 par new generation   total 629120K, used 596105K [0x0000000080000000, 0x00000000aaaa0000, 0x00000000aaaa0000)
  eden space 559232K, 100% used [0x0000000080000000, 0x00000000a2220000, 0x00000000a2220000)
  from space 69888K,  52% used [0x00000000a6660000, 0x00000000a8a62608, 0x00000000aaaa0000)
  to   space 69888K,   0% used [0x00000000a2220000, 0x00000000a2220000, 0x00000000a6660000)
 concurrent mark-sweep generation total 1398144K, used 728454K [0x00000000aaaa0000, 0x0000000100000000, 0x0000000100000000)
 Metaspace       used 281604K, capacity 289943K, committed 290372K, reserved 1306624K
  class space    used 31051K, capacity 34400K, committed 34572K, reserved 1048576K
}
Event: 1495557.218 GC heap after
{Heap after GC invocations=11513 (full 49):
 par new generation   total 629120K, used 32768K [0x0000000080000000, 0x00000000aaaa0000, 0x00000000aaaa0000)
  eden space 559232K,   0% used [0x0000000080000000, 0x0000000080000000, 0x00000000a2220000)
  from space 69888K,  46% used [0x00000000a2220000, 0x00000000a42202d0, 0x00000000a6660000)
  to   space 69888K,   0% used [0x00000000a6660000, 0x00000000a6660000, 0x00000000aaaa0000)
 concurrent mark-sweep generation total 1398144K, used 728454K [0x00000000aaaa0000, 0x0000000100000000, 0x0000000100000000)
 Metaspace       used 281604K, capacity 289943K, committed 290372K, reserved 1306624K
  class space    used 31051K, capacity 34400K, committed 34572K, reserved 1048576K
}
Event: 1495565.554 GC heap before
{Heap before GC invocations=11513 (full 49):
 par new generation   total 629120K, used 592000K [0x0000000080000000, 0x00000000aaaa0000, 0x00000000aaaa0000)
  eden space 559232K, 100% used [0x0000000080000000, 0x00000000a2220000, 0x00000000a2220000)
  from space 69888K,  46% used [0x00000000a2220000, 0x00000000a42202d0, 0x00000000a6660000)
  to   space 69888K,   0% used [0x00000000a6660000, 0x00000000a6660000, 0x00000000aaaa0000)
 concurrent mark-sweep generation total 1398144K, used 728454K [0x00000000aaaa0000, 0x0000000100000000, 0x0000000100000000)
 Metaspace       used 281615K, capacity 290008K, committed 290372K, reserved 1306624K
  class space    used 31051K, capacity 34400K, committed 34572K, reserved 1048576K
}
Event: 1495565.566 GC heap after
{Heap after GC invocations=11514 (full 49):
 par new generation   total 629120K, used 44420K [0x0000000080000000, 0x00000000aaaa0000, 0x00000000aaaa0000)
  eden space 559232K,   0% used [0x0000000080000000, 0x0000000080000000, 0x00000000a2220000)
  from space 69888K,  63% used [0x00000000a6660000, 0x00000000a91c11e8, 0x00000000aaaa0000)
  to   space 69888K,   0% used [0x00000000a2220000, 0x00000000a2220000, 0x00000000a6660000)
 concurrent mark-sweep generation total 1398144K, used 733712K [0x00000000aaaa0000, 0x0000000100000000, 0x0000000100000000)
 Metaspace       used 281615K, capacity 290008K, committed 290372K, reserved 1306624K
  class space    used 31051K, capacity 34400K, committed 34572K, reserved 1048576K
}
Event: 1495565.823 GC heap before
{Heap before GC invocations=11514 (full 49):
 par new generation   total 629120K, used 603652K [0x0000000080000000, 0x00000000aaaa0000, 0x00000000aaaa0000)
  eden space 559232K, 100% used [0x0000000080000000, 0x00000000a2220000, 0x00000000a2220000)
  from space 69888K,  63% used [0x00000000a6660000, 0x00000000a91c11e8, 0x00000000aaaa0000)
  to   space 69888K,   0% used [0x00000000a2220000, 0x00000000a2220000, 0x00000000a6660000)
 concurrent mark-sweep generation total 1398144K, used 733712K [0x00000000aaaa0000, 0x0000000100000000, 0x0000000100000000)
 Metaspace       used 281615K, capacity 290008K, committed 290372K, reserved 1306624K
  class space    used 31051K, capacity 34400K, committed 34572K, reserved 1048576K
}
Event: 1495565.833 GC heap after
{Heap after GC invocations=11515 (full 49):
 par new generation   total 629120K, used 38265K [0x0000000080000000, 0x00000000aaaa0000, 0x00000000aaaa0000)
  eden space 559232K,   0% used [0x0000000080000000, 0x0000000080000000, 0x00000000a2220000)
  from space 69888K,  54% used [0x00000000a2220000, 0x00000000a477e560, 0x00000000a6660000)
  to   space 69888K,   0% used [0x00000000a6660000, 0x00000000a6660000, 0x00000000aaaa0000)
 concurrent mark-sweep generation total 1398144K, used 737054K [0x00000000aaaa0000, 0x0000000100000000, 0x0000000100000000)
 Metaspace       used 281615K, capacity 290008K, committed 290372K, reserved 1306624K
  class space    used 31051K, capacity 34400K, committed 34572K, reserved 1048576K
}
Event: 1495570.716 GC heap before
{Heap before GC invocations=11515 (full 49):
 par new generation   total 629120K, used 597350K [0x0000000080000000, 0x00000000aaaa0000, 0x00000000aaaa0000)
  eden space 559232K,  99% used [0x0000000080000000, 0x00000000a21fb510, 0x00000000a2220000)
  from space 69888K,  54% used [0x00000000a2220000, 0x00000000a477e560, 0x00000000a6660000)
  to   space 69888K,   0% used [0x00000000a6660000, 0x00000000a6660000, 0x00000000aaaa0000)
 concurrent mark-sweep generation total 1398144K, used 737054K [0x00000000aaaa0000, 0x0000000100000000, 0x0000000100000000)
 Metaspace       used 281626K, capacity 290008K, committed 290372K, reserved 1306624K
  class space    used 31051K, capacity 34400K, committed 34572K, reserved 1048576K
}
Event: 1495570.726 GC heap after
{Heap after GC invocations=11516 (full 49):
 par new generation   total 629120K, used 36153K [0x0000000080000000, 0x00000000aaaa0000, 0x00000000aaaa0000)
  eden space 559232K,   0% used [0x0000000080000000, 0x0000000080000000, 0x00000000a2220000)
  from space 69888K,  51% used [0x00000000a6660000, 0x00000000a89ae510, 0x00000000aaaa0000)
  to   space 69888K,   0% used [0x00000000a2220000, 0x00000000a2220000, 0x00000000a6660000)
 concurrent mark-sweep generation total 1398144K, used 741180K [0x00000000aaaa0000, 0x0000000100000000, 0x0000000100000000)
 Metaspace       used 281626K, capacity 290008K, committed 290372K, reserved 1306624K
  class space    used 31051K, capacity 34400K, committed 34572K, reserved 1048576K
}
Event: 1495572.698 GC heap before
{Heap before GC invocations=11516 (full 49):
 par new generation   total 629120K, used 595385K [0x0000000080000000, 0x00000000aaaa0000, 0x00000000aaaa0000)
  eden space 559232K, 100% used [0x0000000080000000, 0x00000000a2220000, 0x00000000a2220000)
  from space 69888K,  51% used [0x00000000a6660000, 0x00000000a89ae510, 0x00000000aaaa0000)
  to   space 69888K,   0% used [0x00000000a2220000, 0x00000000a2220000, 0x00000000a6660000)
 concurrent mark-sweep generation total 1398144K, used 741180K [0x00000000aaaa0000, 0x0000000100000000, 0x0000000100000000)
 Metaspace       used 281643K, capacity 290072K, committed 290372K, reserved 1306624K
  class space    used 31051K, capacity 34400K, committed 34572K, reserved 1048576K
}
Event: 1495572.709 GC heap after
{Heap after GC invocations=11517 (full 49):
 par new generation   total 629120K, used 41873K [0x0000000080000000, 0x00000000aaaa0000, 0x00000000aaaa0000)
  eden space 559232K,   0% used [0x0000000080000000, 0x0000000080000000, 0x00000000a2220000)
  from space 69888K,  59% used [0x00000000a2220000, 0x00000000a4b04400, 0x00000000a6660000)
  to   space 69888K,   0% used [0x00000000a6660000, 0x00000000a6660000, 0x00000000aaaa0000)
 concurrent mark-sweep generation total 1398144K, used 745196K [0x00000000aaaa0000, 0x0000000100000000, 0x0000000100000000)
 Metaspace       used 281643K, capacity 290072K, committed 290372K, reserved 1306624K
  class space    used 31051K, capacity 34400K, committed 34572K, reserved 1048576K
}
Event: 1495574.894 GC heap before
{Heap before GC invocations=11517 (full 49):
 par new generation   total 629120K, used 601105K [0x0000000080000000, 0x00000000aaaa0000, 0x00000000aaaa0000)
  eden space 559232K, 100% used [0x0000000080000000, 0x00000000a2220000, 0x00000000a2220000)
  from space 69888K,  59% used [0x00000000a2220000, 0x00000000a4b04400, 0x00000000a6660000)
  to   space 69888K,   0% used [0x00000000a6660000, 0x00000000a6660000, 0x00000000aaaa0000)
 concurrent mark-sweep generation total 1398144K, used 745196K [0x00000000aaaa0000, 0x0000000100000000, 0x0000000100000000)
 Metaspace       used 281656K, capacity 290078K, committed 290372K, reserved 1306624K
  class space    used 31052K, capacity 34401K, committed 34572K, reserved 1048576K
}
Event: 1495574.904 GC heap after
{Heap after GC invocations=11518 (full 49):
 par new generation   total 629120K, used 51844K [0x0000000080000000, 0x00000000aaaa0000, 0x00000000aaaa0000)
  eden space 559232K,   0% used [0x0000000080000000, 0x0000000080000000, 0x00000000a2220000)
  from space 69888K,  74% used [0x00000000a6660000, 0x00000000a9901050, 0x00000000aaaa0000)
  to   space 69888K,   0% used [0x00000000a2220000, 0x00000000a2220000, 0x00000000a6660000)
 concurrent mark-sweep generation total 1398144K, used 745316K [0x00000000aaaa0000, 0x0000000100000000, 0x0000000100000000)
 Metaspace       used 281656K, capacity 290078K, committed 290372K, reserved 1306624K
  class space    used 31052K, capacity 34401K, committed 34572K, reserved 1048576K
}
Event: 1495725.204 GC heap before
{Heap before GC invocations=11518 (full 49):
 par new generation   total 629120K, used 611076K [0x0000000080000000, 0x00000000aaaa0000, 0x00000000aaaa0000)
  eden space 559232K, 100% used [0x0000000080000000, 0x00000000a2220000, 0x00000000a2220000)
  from space 69888K,  74% used [0x00000000a6660000, 0x00000000a9901050, 0x00000000aaaa0000)
  to   space 69888K,   0% used [0x00000000a2220000, 0x00000000a2220000, 0x00000000a6660000)
 concurrent mark-sweep generation total 1398144K, used 745316K [0x00000000aaaa0000, 0x0000000100000000, 0x0000000100000000)
 Metaspace       used 281709K, capacity 290112K, committed 290372K, reserved 1306624K
  class space    used 31060K, capacity 34413K, committed 34572K, reserved 1048576K
}
Event: 1495725.215 GC heap after
{Heap after GC invocations=11519 (full 49):
 par new generation   total 629120K, used 37119K [0x0000000080000000, 0x00000000aaaa0000, 0x00000000aaaa0000)
  eden space 559232K,   0% used [0x0000000080000000, 0x0000000080000000, 0x00000000a2220000)
  from space 69888K,  53% used [0x00000000a2220000, 0x00000000a465fc90, 0x00000000a6660000)
  to   space 69888K,   0% used [0x00000000a6660000, 0x00000000a6660000, 0x00000000aaaa0000)
 concurrent mark-sweep generation total 1398144K, used 755228K [0x00000000aaaa0000, 0x0000000100000000, 0x0000000100000000)
 Metaspace       used 281709K, capacity 290112K, committed 290372K, reserved 1306624K
  class space    used 31060K, capacity 34413K, committed 34572K, reserved 1048576K
}

