# JRE version: OpenJDK Runtime Environment (11.0.7+10) (build 11.0.7+10-b765.65)
# Java VM: OpenJDK 64-Bit Server VM (11.0.7+10-b765.65, mixed mode, tiered, compressed oops, concurrent mark sweep gc, linux-amd64)
Heap:
 par new generation   total 39296K, used 34675K [0x0000000080000000, 0x0000000082aa0000, 0x00000000aaaa0000)
  eden space 34944K,  96% used [0x0000000080000000, 0x00000000820fcf18, 0x0000000082220000)
  from space 4352K,  20% used [0x0000000082660000, 0x000000008273fd88, 0x0000000082aa0000)
  to   space 4352K,   0% used [0x0000000082220000, 0x0000000082220000, 0x0000000082660000)
 concurrent mark-sweep generation total 316564K, used 203371K [0x00000000aaaa0000, 0x00000000bdfc5000, 0x0000000100000000)
 Metaspace       used 206983K, capacity 212992K, committed 213588K, reserved 1236992K
  class space    used 24125K, capacity 26498K, committed 26740K, reserved 1048576K
GC Heap History (20 events):
Event: 96655.311 GC heap before
{Heap before GC invocations=1451 (full 9):
 par new generation   total 39296K, used 36959K [0x0000000080000000, 0x0000000082aa0000, 0x00000000aaaa0000)
  eden space 34944K, 100% used [0x0000000080000000, 0x0000000082220000, 0x0000000082220000)
  from space 4352K,  46% used [0x0000000082660000, 0x0000000082857e08, 0x0000000082aa0000)
  to   space 4352K,   0% used [0x0000000082220000, 0x0000000082220000, 0x0000000082660000)
 concurrent mark-sweep generation total 316564K, used 201557K [0x00000000aaaa0000, 0x00000000bdfc5000, 0x0000000100000000)
 Metaspace       used 206882K, capacity 212784K, committed 213588K, reserved 1236992K
  class space    used 24122K, capacity 26494K, committed 26740K, reserved 1048576K
}
Event: 96655.312 GC heap after
{Heap after GC invocations=1452 (full 9):
 par new generation   total 39296K, used 2072K [0x0000000080000000, 0x0000000082aa0000, 0x00000000aaaa0000)
  eden space 34944K,   0% used [0x0000000080000000, 0x0000000080000000, 0x0000000082220000)
  from space 4352K,  47% used [0x0000000082220000, 0x0000000082426348, 0x0000000082660000)
  to   space 4352K,   0% used [0x0000000082660000, 0x0000000082660000, 0x0000000082aa0000)
 concurrent mark-sweep generation total 316564K, used 201774K [0x00000000aaaa0000, 0x00000000bdfc5000, 0x0000000100000000)
 Metaspace       used 206882K, capacity 212784K, committed 213588K, reserved 1236992K
  class space    used 24122K, capacity 26494K, committed 26740K, reserved 1048576K
}
Event: 96686.456 GC heap before
{Heap before GC invocations=1452 (full 9):
 par new generation   total 39296K, used 37016K [0x0000000080000000, 0x0000000082aa0000, 0x00000000aaaa0000)
  eden space 34944K, 100% used [0x0000000080000000, 0x0000000082220000, 0x0000000082220000)
  from space 4352K,  47% used [0x0000000082220000, 0x0000000082426348, 0x0000000082660000)
  to   space 4352K,   0% used [0x0000000082660000, 0x0000000082660000, 0x0000000082aa0000)
 concurrent mark-sweep generation total 316564K, used 201774K [0x00000000aaaa0000, 0x00000000bdfc5000, 0x0000000100000000)
 Metaspace       used 206885K, capacity 212787K, committed 213588K, reserved 1236992K
  class space    used 24122K, capacity 26495K, committed 26740K, reserved 1048576K
}
Event: 96686.458 GC heap after
{Heap after GC invocations=1453 (full 9):
 par new generation   total 39296K, used 2141K [0x0000000080000000, 0x0000000082aa0000, 0x00000000aaaa0000)
  eden space 34944K,   0% used [0x0000000080000000, 0x0000000080000000, 0x0000000082220000)
  from space 4352K,  49% used [0x0000000082660000, 0x0000000082877500, 0x0000000082aa0000)
  to   space 4352K,   0% used [0x0000000082220000, 0x0000000082220000, 0x0000000082660000)
 concurrent mark-sweep generation total 316564K, used 201990K [0x00000000aaaa0000, 0x00000000bdfc5000, 0x0000000100000000)
 Metaspace       used 206885K, capacity 212787K, committed 213588K, reserved 1236992K
  class space    used 24122K, capacity 26495K, committed 26740K, reserved 1048576K
}
Event: 96693.842 GC heap before
{Heap before GC invocations=1453 (full 9):
 par new generation   total 39296K, used 37085K [0x0000000080000000, 0x0000000082aa0000, 0x00000000aaaa0000)
  eden space 34944K, 100% used [0x0000000080000000, 0x0000000082220000, 0x0000000082220000)
  from space 4352K,  49% used [0x0000000082660000, 0x0000000082877500, 0x0000000082aa0000)
  to   space 4352K,   0% used [0x0000000082220000, 0x0000000082220000, 0x0000000082660000)
 concurrent mark-sweep generation total 316564K, used 201990K [0x00000000aaaa0000, 0x00000000bdfc5000, 0x0000000100000000)
 Metaspace       used 206903K, capacity 212851K, committed 213588K, reserved 1236992K
  class space    used 24122K, capacity 26495K, committed 26740K, reserved 1048576K
}
Event: 96693.843 GC heap after
{Heap after GC invocations=1454 (full 9):
 par new generation   total 39296K, used 1998K [0x0000000080000000, 0x0000000082aa0000, 0x00000000aaaa0000)
  eden space 34944K,   0% used [0x0000000080000000, 0x0000000080000000, 0x0000000082220000)
  from space 4352K,  45% used [0x0000000082220000, 0x0000000082413b50, 0x0000000082660000)
  to   space 4352K,   0% used [0x0000000082660000, 0x0000000082660000, 0x0000000082aa0000)
 concurrent mark-sweep generation total 316564K, used 202207K [0x00000000aaaa0000, 0x00000000bdfc5000, 0x0000000100000000)
 Metaspace       used 206903K, capacity 212851K, committed 213588K, reserved 1236992K
  class space    used 24122K, capacity 26495K, committed 26740K, reserved 1048576K
}
Event: 96698.843 GC heap before
{Heap before GC invocations=1454 (full 9):
 par new generation   total 39296K, used 36942K [0x0000000080000000, 0x0000000082aa0000, 0x00000000aaaa0000)
  eden space 34944K, 100% used [0x0000000080000000, 0x0000000082220000, 0x0000000082220000)
  from space 4352K,  45% used [0x0000000082220000, 0x0000000082413b50, 0x0000000082660000)
  to   space 4352K,   0% used [0x0000000082660000, 0x0000000082660000, 0x0000000082aa0000)
 concurrent mark-sweep generation total 316564K, used 202207K [0x00000000aaaa0000, 0x00000000bdfc5000, 0x0000000100000000)
 Metaspace       used 206914K, capacity 212851K, committed 213588K, reserved 1236992K
  class space    used 24122K, capacity 26495K, committed 26740K, reserved 1048576K
}
Event: 96698.845 GC heap after
{Heap after GC invocations=1455 (full 9):
 par new generation   total 39296K, used 1744K [0x0000000080000000, 0x0000000082aa0000, 0x00000000aaaa0000)
  eden space 34944K,   0% used [0x0000000080000000, 0x0000000080000000, 0x0000000082220000)
  from space 4352K,  40% used [0x0000000082660000, 0x00000000828143c8, 0x0000000082aa0000)
  to   space 4352K,   0% used [0x0000000082220000, 0x0000000082220000, 0x0000000082660000)
 concurrent mark-sweep generation total 316564K, used 202421K [0x00000000aaaa0000, 0x00000000bdfc5000, 0x0000000100000000)
 Metaspace       used 206914K, capacity 212851K, committed 213588K, reserved 1236992K
  class space    used 24122K, capacity 26495K, committed 26740K, reserved 1048576K
}
Event: 96716.659 GC heap before
{Heap before GC invocations=1455 (full 9):
 par new generation   total 39296K, used 36688K [0x0000000080000000, 0x0000000082aa0000, 0x00000000aaaa0000)
  eden space 34944K, 100% used [0x0000000080000000, 0x0000000082220000, 0x0000000082220000)
  from space 4352K,  40% used [0x0000000082660000, 0x00000000828143c8, 0x0000000082aa0000)
  to   space 4352K,   0% used [0x0000000082220000, 0x0000000082220000, 0x0000000082660000)
 concurrent mark-sweep generation total 316564K, used 202421K [0x00000000aaaa0000, 0x00000000bdfc5000, 0x0000000100000000)
 Metaspace       used 206914K, capacity 212851K, committed 213588K, reserved 1236992K
  class space    used 24122K, capacity 26495K, committed 26740K, reserved 1048576K
}
Event: 96716.663 GC heap after
{Heap after GC invocations=1456 (full 9):
 par new generation   total 39296K, used 1714K [0x0000000080000000, 0x0000000082aa0000, 0x00000000aaaa0000)
  eden space 34944K,   0% used [0x0000000080000000, 0x0000000080000000, 0x0000000082220000)
  from space 4352K,  39% used [0x0000000082220000, 0x00000000823ccb70, 0x0000000082660000)
  to   space 4352K,   0% used [0x0000000082660000, 0x0000000082660000, 0x0000000082aa0000)
 concurrent mark-sweep generation total 316564K, used 202638K [0x00000000aaaa0000, 0x00000000bdfc5000, 0x0000000100000000)
 Metaspace       used 206914K, capacity 212851K, committed 213588K, reserved 1236992K
  class space    used 24122K, capacity 26495K, committed 26740K, reserved 1048576K
}
Event: 96739.110 GC heap before
{Heap before GC invocations=1456 (full 9):
 par new generation   total 39296K, used 36658K [0x0000000080000000, 0x0000000082aa0000, 0x00000000aaaa0000)
  eden space 34944K, 100% used [0x0000000080000000, 0x0000000082220000, 0x0000000082220000)
  from space 4352K,  39% used [0x0000000082220000, 0x00000000823ccb70, 0x0000000082660000)
  to   space 4352K,   0% used [0x0000000082660000, 0x0000000082660000, 0x0000000082aa0000)
 concurrent mark-sweep generation total 316564K, used 202638K [0x00000000aaaa0000, 0x00000000bdfc5000, 0x0000000100000000)
 Metaspace       used 206922K, capacity 212852K, committed 213588K, reserved 1236992K
  class space    used 24122K, capacity 26495K, committed 26740K, reserved 1048576K
}
Event: 96739.111 GC heap after
{Heap after GC invocations=1457 (full 9):
 par new generation   total 39296K, used 1159K [0x0000000080000000, 0x0000000082aa0000, 0x00000000aaaa0000)
  eden space 34944K,   0% used [0x0000000080000000, 0x0000000080000000, 0x0000000082220000)
  from space 4352K,  26% used [0x0000000082660000, 0x0000000082781ef8, 0x0000000082aa0000)
  to   space 4352K,   0% used [0x0000000082220000, 0x0000000082220000, 0x0000000082660000)
 concurrent mark-sweep generation total 316564K, used 202853K [0x00000000aaaa0000, 0x00000000bdfc5000, 0x0000000100000000)
 Metaspace       used 206922K, capacity 212852K, committed 213588K, reserved 1236992K
  class space    used 24122K, capacity 26495K, committed 26740K, reserved 1048576K
}
Event: 96742.969 GC heap before
{Heap before GC invocations=1457 (full 9):
 par new generation   total 39296K, used 36103K [0x0000000080000000, 0x0000000082aa0000, 0x00000000aaaa0000)
  eden space 34944K, 100% used [0x0000000080000000, 0x0000000082220000, 0x0000000082220000)
  from space 4352K,  26% used [0x0000000082660000, 0x0000000082781ef8, 0x0000000082aa0000)
  to   space 4352K,   0% used [0x0000000082220000, 0x0000000082220000, 0x0000000082660000)
 concurrent mark-sweep generation total 316564K, used 202853K [0x00000000aaaa0000, 0x00000000bdfc5000, 0x0000000100000000)
 Metaspace       used 206927K, capacity 212916K, committed 213588K, reserved 1236992K
  class space    used 24122K, capacity 26495K, committed 26740K, reserved 1048576K
}
Event: 96742.970 GC heap after
{Heap after GC invocations=1458 (full 9):
 par new generation   total 39296K, used 1158K [0x0000000080000000, 0x0000000082aa0000, 0x00000000aaaa0000)
  eden space 34944K,   0% used [0x0000000080000000, 0x0000000080000000, 0x0000000082220000)
  from space 4352K,  26% used [0x0000000082220000, 0x0000000082341bf0, 0x0000000082660000)
  to   space 4352K,   0% used [0x0000000082660000, 0x0000000082660000, 0x0000000082aa0000)
 concurrent mark-sweep generation total 316564K, used 203069K [0x00000000aaaa0000, 0x00000000bdfc5000, 0x0000000100000000)
 Metaspace       used 206927K, capacity 212916K, committed 213588K, reserved 1236992K
  class space    used 24122K, capacity 26495K, committed 26740K, reserved 1048576K
}
Event: 96749.490 GC heap before
{Heap before GC invocations=1458 (full 9):
 par new generation   total 39296K, used 36102K [0x0000000080000000, 0x0000000082aa0000, 0x00000000aaaa0000)
  eden space 34944K, 100% used [0x0000000080000000, 0x0000000082220000, 0x0000000082220000)
  from space 4352K,  26% used [0x0000000082220000, 0x0000000082341bf0, 0x0000000082660000)
  to   space 4352K,   0% used [0x0000000082660000, 0x0000000082660000, 0x0000000082aa0000)
 concurrent mark-sweep generation total 316564K, used 203069K [0x00000000aaaa0000, 0x00000000bdfc5000, 0x0000000100000000)
 Metaspace       used 206928K, capacity 212916K, committed 213588K, reserved 1236992K
  class space    used 24122K, capacity 26495K, committed 26740K, reserved 1048576K
}
Event: 96749.492 GC heap after
{Heap after GC invocations=1459 (full 9):
 par new generation   total 39296K, used 872K [0x0000000080000000, 0x0000000082aa0000, 0x00000000aaaa0000)
  eden space 34944K,   0% used [0x0000000080000000, 0x0000000080000000, 0x0000000082220000)
  from space 4352K,  20% used [0x0000000082660000, 0x000000008273a1a0, 0x0000000082aa0000)
  to   space 4352K,   0% used [0x0000000082220000, 0x0000000082220000, 0x0000000082660000)
 concurrent mark-sweep generation total 316564K, used 203224K [0x00000000aaaa0000, 0x00000000bdfc5000, 0x0000000100000000)
 Metaspace       used 206928K, capacity 212916K, committed 213588K, reserved 1236992K
  class space    used 24122K, capacity 26495K, committed 26740K, reserved 1048576K
}
Event: 96757.887 GC heap before
{Heap before GC invocations=1459 (full 9):
 par new generation   total 39296K, used 35816K [0x0000000080000000, 0x0000000082aa0000, 0x00000000aaaa0000)
  eden space 34944K, 100% used [0x0000000080000000, 0x0000000082220000, 0x0000000082220000)
  from space 4352K,  20% used [0x0000000082660000, 0x000000008273a1a0, 0x0000000082aa0000)
  to   space 4352K,   0% used [0x0000000082220000, 0x0000000082220000, 0x0000000082660000)
 concurrent mark-sweep generation total 316564K, used 203224K [0x00000000aaaa0000, 0x00000000bdfc5000, 0x0000000100000000)
 Metaspace       used 206931K, capacity 212916K, committed 213588K, reserved 1236992K
  class space    used 24122K, capacity 26495K, committed 26740K, reserved 1048576K
}
Event: 96757.888 GC heap after
{Heap after GC invocations=1460 (full 9):
 par new generation   total 39296K, used 782K [0x0000000080000000, 0x0000000082aa0000, 0x00000000aaaa0000)
  eden space 34944K,   0% used [0x0000000080000000, 0x0000000080000000, 0x0000000082220000)
  from space 4352K,  17% used [0x0000000082220000, 0x00000000822e3ae8, 0x0000000082660000)
  to   space 4352K,   0% used [0x0000000082660000, 0x0000000082660000, 0x0000000082aa0000)
 concurrent mark-sweep generation total 316564K, used 203288K [0x00000000aaaa0000, 0x00000000bdfc5000, 0x0000000100000000)
 Metaspace       used 206931K, capacity 212916K, committed 213588K, reserved 1236992K
  class space    used 24122K, capacity 26495K, committed 26740K, reserved 1048576K
}
Event: 96763.898 GC heap before
{Heap before GC invocations=1460 (full 9):
 par new generation   total 39296K, used 35726K [0x0000000080000000, 0x0000000082aa0000, 0x00000000aaaa0000)
  eden space 34944K, 100% used [0x0000000080000000, 0x0000000082220000, 0x0000000082220000)
  from space 4352K,  17% used [0x0000000082220000, 0x00000000822e3ae8, 0x0000000082660000)
  to   space 4352K,   0% used [0x0000000082660000, 0x0000000082660000, 0x0000000082aa0000)
 concurrent mark-sweep generation total 316564K, used 203288K [0x00000000aaaa0000, 0x00000000bdfc5000, 0x0000000100000000)
 Metaspace       used 206943K, capacity 212981K, committed 213588K, reserved 1236992K
  class space    used 24122K, capacity 26495K, committed 26740K, reserved 1048576K
}
Event: 96763.899 GC heap after
{Heap after GC invocations=1461 (full 9):
 par new generation   total 39296K, used 895K [0x0000000080000000, 0x0000000082aa0000, 0x00000000aaaa0000)
  eden space 34944K,   0% used [0x0000000080000000, 0x0000000080000000, 0x0000000082220000)
  from space 4352K,  20% used [0x0000000082660000, 0x000000008273fd88, 0x0000000082aa0000)
  to   space 4352K,   0% used [0x0000000082220000, 0x0000000082220000, 0x0000000082660000)
 concurrent mark-sweep generation total 316564K, used 203371K [0x00000000aaaa0000, 0x00000000bdfc5000, 0x0000000100000000)
 Metaspace       used 206943K, capacity 212981K, committed 213588K, reserved 1236992K
  class space    used 24122K, capacity 26495K, committed 26740K, reserved 1048576K
}

