# JRE version: OpenJDK Runtime Environment (11.0.7+10) (build 11.0.7+10-b765.65)
# Java VM: OpenJDK 64-Bit Server VM (11.0.7+10-b765.65, mixed mode, tiered, compressed oops, concurrent mark sweep gc, linux-amd64)
Heap:
 par new generation   total 345984K, used 228738K [0x0000000080000000, 0x0000000097760000, 0x00000000aaaa0000)
  eden space 307584K,  65% used [0x0000000080000000, 0x000000008c3fb688, 0x0000000092c60000)
  from space 38400K,  73% used [0x00000000951e0000, 0x0000000096d45388, 0x0000000097760000)
  to   space 38400K,   0% used [0x0000000092c60000, 0x0000000092c60000, 0x00000000951e0000)
 concurrent mark-sweep generation total 768444K, used 385627K [0x00000000aaaa0000, 0x00000000d990f000, 0x0000000100000000)
 Metaspace       used 251863K, capacity 259698K, committed 260200K, reserved 1277952K
  class space    used 28396K, capacity 31466K, committed 31664K, reserved 1048576K
GC Heap History (20 events):
Event: 588742.583 GC heap before
{Heap before GC invocations=13706 (full 30):
 par new generation   total 345984K, used 316390K [0x0000000080000000, 0x0000000097760000, 0x00000000aaaa0000)
  eden space 307584K, 100% used [0x0000000080000000, 0x0000000092c60000, 0x0000000092c60000)
  from space 38400K,  22% used [0x00000000951e0000, 0x0000000095a79800, 0x0000000097760000)
  to   space 38400K,   0% used [0x0000000092c60000, 0x0000000092c60000, 0x00000000951e0000)
 concurrent mark-sweep generation total 768444K, used 341093K [0x00000000aaaa0000, 0x00000000d990f000, 0x0000000100000000)
 Metaspace       used 251490K, capacity 259170K, committed 259944K, reserved 1277952K
  class space    used 28366K, capacity 31451K, committed 31664K, reserved 1048576K
}
Event: 588742.586 GC heap after
{Heap after GC invocations=13707 (full 30):
 par new generation   total 345984K, used 9300K [0x0000000080000000, 0x0000000097760000, 0x00000000aaaa0000)
  eden space 307584K,   0% used [0x0000000080000000, 0x0000000080000000, 0x0000000092c60000)
  from space 38400K,  24% used [0x0000000092c60000, 0x00000000935750d0, 0x00000000951e0000)
  to   space 38400K,   0% used [0x00000000951e0000, 0x00000000951e0000, 0x0000000097760000)
 concurrent mark-sweep generation total 768444K, used 341337K [0x00000000aaaa0000, 0x00000000d990f000, 0x0000000100000000)
 Metaspace       used 251490K, capacity 259170K, committed 259944K, reserved 1277952K
  class space    used 28366K, capacity 31451K, committed 31664K, reserved 1048576K
}
Event: 588778.871 GC heap before
{Heap before GC invocations=13707 (full 30):
 par new generation   total 345984K, used 316884K [0x0000000080000000, 0x0000000097760000, 0x00000000aaaa0000)
  eden space 307584K, 100% used [0x0000000080000000, 0x0000000092c60000, 0x0000000092c60000)
  from space 38400K,  24% used [0x0000000092c60000, 0x00000000935750d0, 0x00000000951e0000)
  to   space 38400K,   0% used [0x00000000951e0000, 0x00000000951e0000, 0x0000000097760000)
 concurrent mark-sweep generation total 768444K, used 341337K [0x00000000aaaa0000, 0x00000000d990f000, 0x0000000100000000)
 Metaspace       used 251528K, capacity 259234K, committed 259944K, reserved 1277952K
  class space    used 28366K, capacity 31451K, committed 31664K, reserved 1048576K
}
Event: 588778.878 GC heap after
{Heap after GC invocations=13708 (full 30):
 par new generation   total 345984K, used 16460K [0x0000000080000000, 0x0000000097760000, 0x00000000aaaa0000)
  eden space 307584K,   0% used [0x0000000080000000, 0x0000000080000000, 0x0000000092c60000)
  from space 38400K,  42% used [0x00000000951e0000, 0x00000000961f33f0, 0x0000000097760000)
  to   space 38400K,   0% used [0x0000000092c60000, 0x0000000092c60000, 0x00000000951e0000)
 concurrent mark-sweep generation total 768444K, used 342016K [0x00000000aaaa0000, 0x00000000d990f000, 0x0000000100000000)
 Metaspace       used 251528K, capacity 259234K, committed 259944K, reserved 1277952K
  class space    used 28366K, capacity 31451K, committed 31664K, reserved 1048576K
}
Event: 588889.638 GC heap before
{Heap before GC invocations=13708 (full 30):
 par new generation   total 345984K, used 324044K [0x0000000080000000, 0x0000000097760000, 0x00000000aaaa0000)
  eden space 307584K, 100% used [0x0000000080000000, 0x0000000092c60000, 0x0000000092c60000)
  from space 38400K,  42% used [0x00000000951e0000, 0x00000000961f33f0, 0x0000000097760000)
  to   space 38400K,   0% used [0x0000000092c60000, 0x0000000092c60000, 0x00000000951e0000)
 concurrent mark-sweep generation total 768444K, used 342016K [0x00000000aaaa0000, 0x00000000d990f000, 0x0000000100000000)
 Metaspace       used 251529K, capacity 259234K, committed 259944K, reserved 1277952K
  class space    used 28366K, capacity 31451K, committed 31664K, reserved 1048576K
}
Event: 588889.650 GC heap after
{Heap after GC invocations=13709 (full 30):
 par new generation   total 345984K, used 19052K [0x0000000080000000, 0x0000000097760000, 0x00000000aaaa0000)
  eden space 307584K,   0% used [0x0000000080000000, 0x0000000080000000, 0x0000000092c60000)
  from space 38400K,  49% used [0x0000000092c60000, 0x0000000093efb378, 0x00000000951e0000)
  to   space 38400K,   0% used [0x00000000951e0000, 0x00000000951e0000, 0x0000000097760000)
 concurrent mark-sweep generation total 768444K, used 342654K [0x00000000aaaa0000, 0x00000000d990f000, 0x0000000100000000)
 Metaspace       used 251529K, capacity 259234K, committed 259944K, reserved 1277952K
  class space    used 28366K, capacity 31451K, committed 31664K, reserved 1048576K
}
Event: 588935.603 GC heap before
{Heap before GC invocations=13709 (full 30):
 par new generation   total 345984K, used 326636K [0x0000000080000000, 0x0000000097760000, 0x00000000aaaa0000)
  eden space 307584K, 100% used [0x0000000080000000, 0x0000000092c60000, 0x0000000092c60000)
  from space 38400K,  49% used [0x0000000092c60000, 0x0000000093efb378, 0x00000000951e0000)
  to   space 38400K,   0% used [0x00000000951e0000, 0x00000000951e0000, 0x0000000097760000)
 concurrent mark-sweep generation total 768444K, used 342654K [0x00000000aaaa0000, 0x00000000d990f000, 0x0000000100000000)
 Metaspace       used 251541K, capacity 259250K, committed 259944K, reserved 1277952K
  class space    used 28367K, capacity 31453K, committed 31664K, reserved 1048576K
}
Event: 588935.609 GC heap after
{Heap after GC invocations=13710 (full 30):
 par new generation   total 345984K, used 26121K [0x0000000080000000, 0x0000000097760000, 0x00000000aaaa0000)
  eden space 307584K,   0% used [0x0000000080000000, 0x0000000080000000, 0x0000000092c60000)
  from space 38400K,  68% used [0x00000000951e0000, 0x0000000096b62550, 0x0000000097760000)
  to   space 38400K,   0% used [0x0000000092c60000, 0x0000000092c60000, 0x00000000951e0000)
 concurrent mark-sweep generation total 768444K, used 342712K [0x00000000aaaa0000, 0x00000000d990f000, 0x0000000100000000)
 Metaspace       used 251541K, capacity 259250K, committed 259944K, reserved 1277952K
  class space    used 28367K, capacity 31453K, committed 31664K, reserved 1048576K
}
Event: 588974.781 GC heap before
{Heap before GC invocations=13710 (full 30):
 par new generation   total 345984K, used 333705K [0x0000000080000000, 0x0000000097760000, 0x00000000aaaa0000)
  eden space 307584K, 100% used [0x0000000080000000, 0x0000000092c60000, 0x0000000092c60000)
  from space 38400K,  68% used [0x00000000951e0000, 0x0000000096b62550, 0x0000000097760000)
  to   space 38400K,   0% used [0x0000000092c60000, 0x0000000092c60000, 0x00000000951e0000)
 concurrent mark-sweep generation total 768444K, used 342712K [0x00000000aaaa0000, 0x00000000d990f000, 0x0000000100000000)
 Metaspace       used 251573K, capacity 259253K, committed 259944K, reserved 1277952K
  class space    used 28367K, capacity 31453K, committed 31664K, reserved 1048576K
}
Event: 588974.786 GC heap after
{Heap after GC invocations=13711 (full 30):
 par new generation   total 345984K, used 26063K [0x0000000080000000, 0x0000000097760000, 0x00000000aaaa0000)
  eden space 307584K,   0% used [0x0000000080000000, 0x0000000080000000, 0x0000000092c60000)
  from space 38400K,  67% used [0x0000000092c60000, 0x00000000945d3dd8, 0x00000000951e0000)
  to   space 38400K,   0% used [0x00000000951e0000, 0x00000000951e0000, 0x0000000097760000)
 concurrent mark-sweep generation total 768444K, used 342713K [0x00000000aaaa0000, 0x00000000d990f000, 0x0000000100000000)
 Metaspace       used 251573K, capacity 259253K, committed 259944K, reserved 1277952K
  class space    used 28367K, capacity 31453K, committed 31664K, reserved 1048576K
}
Event: 588993.609 GC heap before
{Heap before GC invocations=13711 (full 30):
 par new generation   total 345984K, used 333647K [0x0000000080000000, 0x0000000097760000, 0x00000000aaaa0000)
  eden space 307584K, 100% used [0x0000000080000000, 0x0000000092c60000, 0x0000000092c60000)
  from space 38400K,  67% used [0x0000000092c60000, 0x00000000945d3dd8, 0x00000000951e0000)
  to   space 38400K,   0% used [0x00000000951e0000, 0x00000000951e0000, 0x0000000097760000)
 concurrent mark-sweep generation total 768444K, used 342713K [0x00000000aaaa0000, 0x00000000d990f000, 0x0000000100000000)
 Metaspace       used 251689K, capacity 259406K, committed 259944K, reserved 1277952K
  class space    used 28385K, capacity 31458K, committed 31664K, reserved 1048576K
}
Event: 588993.617 GC heap after
{Heap after GC invocations=13712 (full 30):
 par new generation   total 345984K, used 21822K [0x0000000080000000, 0x0000000097760000, 0x00000000aaaa0000)
  eden space 307584K,   0% used [0x0000000080000000, 0x0000000080000000, 0x0000000092c60000)
  from space 38400K,  56% used [0x00000000951e0000, 0x000000009672f858, 0x0000000097760000)
  to   space 38400K,   0% used [0x0000000092c60000, 0x0000000092c60000, 0x00000000951e0000)
 concurrent mark-sweep generation total 768444K, used 346528K [0x00000000aaaa0000, 0x00000000d990f000, 0x0000000100000000)
 Metaspace       used 251689K, capacity 259406K, committed 259944K, reserved 1277952K
  class space    used 28385K, capacity 31458K, committed 31664K, reserved 1048576K
}
Event: 589008.392 GC heap before
{Heap before GC invocations=13712 (full 30):
 par new generation   total 345984K, used 329406K [0x0000000080000000, 0x0000000097760000, 0x00000000aaaa0000)
  eden space 307584K, 100% used [0x0000000080000000, 0x0000000092c60000, 0x0000000092c60000)
  from space 38400K,  56% used [0x00000000951e0000, 0x000000009672f858, 0x0000000097760000)
  to   space 38400K,   0% used [0x0000000092c60000, 0x0000000092c60000, 0x00000000951e0000)
 concurrent mark-sweep generation total 768444K, used 346528K [0x00000000aaaa0000, 0x00000000d990f000, 0x0000000100000000)
 Metaspace       used 251697K, capacity 259406K, committed 259944K, reserved 1277952K
  class space    used 28385K, capacity 31458K, committed 31664K, reserved 1048576K
}
Event: 589008.400 GC heap after
{Heap after GC invocations=13713 (full 30):
 par new generation   total 345984K, used 36015K [0x0000000080000000, 0x0000000097760000, 0x00000000aaaa0000)
  eden space 307584K,   0% used [0x0000000080000000, 0x0000000080000000, 0x0000000092c60000)
  from space 38400K,  93% used [0x0000000092c60000, 0x0000000094f8bf48, 0x00000000951e0000)
  to   space 38400K,   0% used [0x00000000951e0000, 0x00000000951e0000, 0x0000000097760000)
 concurrent mark-sweep generation total 768444K, used 346528K [0x00000000aaaa0000, 0x00000000d990f000, 0x0000000100000000)
 Metaspace       used 251697K, capacity 259406K, committed 259944K, reserved 1277952K
  class space    used 28385K, capacity 31458K, committed 31664K, reserved 1048576K
}
Event: 589008.505 GC heap before
{Heap before GC invocations=13713 (full 30):
 par new generation   total 345984K, used 343599K [0x0000000080000000, 0x0000000097760000, 0x00000000aaaa0000)
  eden space 307584K, 100% used [0x0000000080000000, 0x0000000092c60000, 0x0000000092c60000)
  from space 38400K,  93% used [0x0000000092c60000, 0x0000000094f8bf48, 0x00000000951e0000)
  to   space 38400K,   0% used [0x00000000951e0000, 0x00000000951e0000, 0x0000000097760000)
 concurrent mark-sweep generation total 768444K, used 346528K [0x00000000aaaa0000, 0x00000000d990f000, 0x0000000100000000)
 Metaspace       used 251697K, capacity 259406K, committed 259944K, reserved 1277952K
  class space    used 28385K, capacity 31458K, committed 31664K, reserved 1048576K
}
Event: 589008.518 GC heap after
{Heap after GC invocations=13714 (full 30):
 par new generation   total 345984K, used 32491K [0x0000000080000000, 0x0000000097760000, 0x00000000aaaa0000)
  eden space 307584K,   0% used [0x0000000080000000, 0x0000000080000000, 0x0000000092c60000)
  from space 38400K,  84% used [0x00000000951e0000, 0x000000009719ad10, 0x0000000097760000)
  to   space 38400K,   0% used [0x0000000092c60000, 0x0000000092c60000, 0x00000000951e0000)
 concurrent mark-sweep generation total 768444K, used 373803K [0x00000000aaaa0000, 0x00000000d990f000, 0x0000000100000000)
 Metaspace       used 251697K, capacity 259406K, committed 259944K, reserved 1277952K
  class space    used 28385K, capacity 31458K, committed 31664K, reserved 1048576K
}
Event: 589008.610 GC heap before
{Heap before GC invocations=13714 (full 30):
 par new generation   total 345984K, used 340075K [0x0000000080000000, 0x0000000097760000, 0x00000000aaaa0000)
  eden space 307584K, 100% used [0x0000000080000000, 0x0000000092c60000, 0x0000000092c60000)
  from space 38400K,  84% used [0x00000000951e0000, 0x000000009719ad10, 0x0000000097760000)
  to   space 38400K,   0% used [0x0000000092c60000, 0x0000000092c60000, 0x00000000951e0000)
 concurrent mark-sweep generation total 768444K, used 373803K [0x00000000aaaa0000, 0x00000000d990f000, 0x0000000100000000)
 Metaspace       used 251700K, capacity 259470K, committed 260200K, reserved 1277952K
  class space    used 28385K, capacity 31458K, committed 31664K, reserved 1048576K
}
Event: 589008.615 GC heap after
{Heap after GC invocations=13715 (full 30):
 par new generation   total 345984K, used 30284K [0x0000000080000000, 0x0000000097760000, 0x00000000aaaa0000)
  eden space 307584K,   0% used [0x0000000080000000, 0x0000000080000000, 0x0000000092c60000)
  from space 38400K,  78% used [0x0000000092c60000, 0x00000000949f30b0, 0x00000000951e0000)
  to   space 38400K,   0% used [0x00000000951e0000, 0x00000000951e0000, 0x0000000097760000)
 concurrent mark-sweep generation total 768444K, used 373803K [0x00000000aaaa0000, 0x00000000d990f000, 0x0000000100000000)
 Metaspace       used 251700K, capacity 259470K, committed 260200K, reserved 1277952K
  class space    used 28385K, capacity 31458K, committed 31664K, reserved 1048576K
}
Event: 589203.540 GC heap before
{Heap before GC invocations=13715 (full 30):
 par new generation   total 345984K, used 337868K [0x0000000080000000, 0x0000000097760000, 0x00000000aaaa0000)
  eden space 307584K, 100% used [0x0000000080000000, 0x0000000092c60000, 0x0000000092c60000)
  from space 38400K,  78% used [0x0000000092c60000, 0x00000000949f30b0, 0x00000000951e0000)
  to   space 38400K,   0% used [0x00000000951e0000, 0x00000000951e0000, 0x0000000097760000)
 concurrent mark-sweep generation total 768444K, used 373803K [0x00000000aaaa0000, 0x00000000d990f000, 0x0000000100000000)
 Metaspace       used 251725K, capacity 259475K, committed 260200K, reserved 1277952K
  class space    used 28385K, capacity 31458K, committed 31664K, reserved 1048576K
}
Event: 589203.553 GC heap after
{Heap after GC invocations=13716 (full 30):
 par new generation   total 345984K, used 28052K [0x0000000080000000, 0x0000000097760000, 0x00000000aaaa0000)
  eden space 307584K,   0% used [0x0000000080000000, 0x0000000080000000, 0x0000000092c60000)
  from space 38400K,  73% used [0x00000000951e0000, 0x0000000096d45388, 0x0000000097760000)
  to   space 38400K,   0% used [0x0000000092c60000, 0x0000000092c60000, 0x00000000951e0000)
 concurrent mark-sweep generation total 768444K, used 385627K [0x00000000aaaa0000, 0x00000000d990f000, 0x0000000100000000)
 Metaspace       used 251725K, capacity 259475K, committed 260200K, reserved 1277952K
  class space    used 28385K, capacity 31458K, committed 31664K, reserved 1048576K
}

