# JRE version: OpenJDK Runtime Environment (11.0.7+10) (build 11.0.7+10-b765.65)
# Java VM: OpenJDK 64-Bit Server VM (11.0.7+10-b765.65, mixed mode, tiered, compressed oops, concurrent mark sweep gc, linux-amd64)
Heap:
 par new generation   total 39296K, used 12050K [0x0000000080000000, 0x0000000082aa0000, 0x00000000aaaa0000)
  eden space 34944K,  32% used [0x0000000080000000, 0x0000000080b0cd18, 0x0000000082220000)
  from space 4352K,  16% used [0x0000000082660000, 0x0000000082717cc0, 0x0000000082aa0000)
  to   space 4352K,   0% used [0x0000000082220000, 0x0000000082220000, 0x0000000082660000)
 concurrent mark-sweep generation total 457292K, used 343254K [0x00000000aaaa0000, 0x00000000c6933000, 0x0000000100000000)
 Metaspace       used 202237K, capacity 208587K, committed 209944K, reserved 1232896K
  class space    used 23946K, capacity 26434K, committed 26864K, reserved 1048576K
GC Heap History (20 events):
Event: 1881.384 GC heap before
{Heap before GC invocations=203 (full 10):
 par new generation   total 39296K, used 38120K [0x0000000080000000, 0x0000000082aa0000, 0x00000000aaaa0000)
  eden space 34944K, 100% used [0x0000000080000000, 0x0000000082220000, 0x0000000082220000)
  from space 4352K,  72% used [0x0000000082660000, 0x000000008297a358, 0x0000000082aa0000)
  to   space 4352K,   0% used [0x0000000082220000, 0x0000000082220000, 0x0000000082660000)
 concurrent mark-sweep generation total 457292K, used 341069K [0x00000000aaaa0000, 0x00000000c6933000, 0x0000000100000000)
 Metaspace       used 201096K, capacity 207355K, committed 209176K, reserved 1232896K
  class space    used 23798K, capacity 26255K, committed 26864K, reserved 1048576K
}
Event: 1881.388 GC heap after
{Heap after GC invocations=204 (full 10):
 par new generation   total 39296K, used 3180K [0x0000000080000000, 0x0000000082aa0000, 0x00000000aaaa0000)
  eden space 34944K,   0% used [0x0000000080000000, 0x0000000080000000, 0x0000000082220000)
  from space 4352K,  73% used [0x0000000082220000, 0x000000008253b000, 0x0000000082660000)
  to   space 4352K,   0% used [0x0000000082660000, 0x0000000082660000, 0x0000000082aa0000)
 concurrent mark-sweep generation total 457292K, used 341180K [0x00000000aaaa0000, 0x00000000c6933000, 0x0000000100000000)
 Metaspace       used 201096K, capacity 207355K, committed 209176K, reserved 1232896K
  class space    used 23798K, capacity 26255K, committed 26864K, reserved 1048576K
}
Event: 1882.360 GC heap before
{Heap before GC invocations=204 (full 10):
 par new generation   total 39296K, used 38124K [0x0000000080000000, 0x0000000082aa0000, 0x00000000aaaa0000)
  eden space 34944K, 100% used [0x0000000080000000, 0x0000000082220000, 0x0000000082220000)
  from space 4352K,  73% used [0x0000000082220000, 0x000000008253b000, 0x0000000082660000)
  to   space 4352K,   0% used [0x0000000082660000, 0x0000000082660000, 0x0000000082aa0000)
 concurrent mark-sweep generation total 457292K, used 341180K [0x00000000aaaa0000, 0x00000000c6933000, 0x0000000100000000)
 Metaspace       used 201096K, capacity 207355K, committed 209176K, reserved 1232896K
  class space    used 23798K, capacity 26255K, committed 26864K, reserved 1048576K
}
Event: 1882.361 GC heap after
{Heap after GC invocations=205 (full 10):
 par new generation   total 39296K, used 2265K [0x0000000080000000, 0x0000000082aa0000, 0x00000000aaaa0000)
  eden space 34944K,   0% used [0x0000000080000000, 0x0000000080000000, 0x0000000082220000)
  from space 4352K,  52% used [0x0000000082660000, 0x0000000082896598, 0x0000000082aa0000)
  to   space 4352K,   0% used [0x0000000082220000, 0x0000000082220000, 0x0000000082660000)
 concurrent mark-sweep generation total 457292K, used 342486K [0x00000000aaaa0000, 0x00000000c6933000, 0x0000000100000000)
 Metaspace       used 201096K, capacity 207355K, committed 209176K, reserved 1232896K
  class space    used 23798K, capacity 26255K, committed 26864K, reserved 1048576K
}
Event: 1884.954 GC heap before
{Heap before GC invocations=205 (full 10):
 par new generation   total 39296K, used 37209K [0x0000000080000000, 0x0000000082aa0000, 0x00000000aaaa0000)
  eden space 34944K, 100% used [0x0000000080000000, 0x0000000082220000, 0x0000000082220000)
  from space 4352K,  52% used [0x0000000082660000, 0x0000000082896598, 0x0000000082aa0000)
  to   space 4352K,   0% used [0x0000000082220000, 0x0000000082220000, 0x0000000082660000)
 concurrent mark-sweep generation total 457292K, used 342486K [0x00000000aaaa0000, 0x00000000c6933000, 0x0000000100000000)
 Metaspace       used 201097K, capacity 207355K, committed 209176K, reserved 1232896K
  class space    used 23798K, capacity 26255K, committed 26864K, reserved 1048576K
}
Event: 1884.956 GC heap after
{Heap after GC invocations=206 (full 10):
 par new generation   total 39296K, used 719K [0x0000000080000000, 0x0000000082aa0000, 0x00000000aaaa0000)
  eden space 34944K,   0% used [0x0000000080000000, 0x0000000080000000, 0x0000000082220000)
  from space 4352K,  16% used [0x0000000082220000, 0x00000000822d3ec0, 0x0000000082660000)
  to   space 4352K,   0% used [0x0000000082660000, 0x0000000082660000, 0x0000000082aa0000)
 concurrent mark-sweep generation total 457292K, used 343044K [0x00000000aaaa0000, 0x00000000c6933000, 0x0000000100000000)
 Metaspace       used 201097K, capacity 207355K, committed 209176K, reserved 1232896K
  class space    used 23798K, capacity 26255K, committed 26864K, reserved 1048576K
}
Event: 1885.448 GC heap before
{Heap before GC invocations=206 (full 10):
 par new generation   total 39296K, used 35663K [0x0000000080000000, 0x0000000082aa0000, 0x00000000aaaa0000)
  eden space 34944K, 100% used [0x0000000080000000, 0x0000000082220000, 0x0000000082220000)
  from space 4352K,  16% used [0x0000000082220000, 0x00000000822d3ec0, 0x0000000082660000)
  to   space 4352K,   0% used [0x0000000082660000, 0x0000000082660000, 0x0000000082aa0000)
 concurrent mark-sweep generation total 457292K, used 343044K [0x00000000aaaa0000, 0x00000000c6933000, 0x0000000100000000)
 Metaspace       used 201099K, capacity 207355K, committed 209176K, reserved 1232896K
  class space    used 23798K, capacity 26255K, committed 26864K, reserved 1048576K
}
Event: 1885.449 GC heap after
{Heap after GC invocations=207 (full 10):
 par new generation   total 39296K, used 329K [0x0000000080000000, 0x0000000082aa0000, 0x00000000aaaa0000)
  eden space 34944K,   0% used [0x0000000080000000, 0x0000000080000000, 0x0000000082220000)
  from space 4352K,   7% used [0x0000000082660000, 0x00000000826b27f0, 0x0000000082aa0000)
  to   space 4352K,   0% used [0x0000000082220000, 0x0000000082220000, 0x0000000082660000)
 concurrent mark-sweep generation total 457292K, used 343058K [0x00000000aaaa0000, 0x00000000c6933000, 0x0000000100000000)
 Metaspace       used 201099K, capacity 207355K, committed 209176K, reserved 1232896K
  class space    used 23798K, capacity 26255K, committed 26864K, reserved 1048576K
}
Event: 1886.021 GC heap before
{Heap before GC invocations=207 (full 10):
 par new generation   total 39296K, used 35273K [0x0000000080000000, 0x0000000082aa0000, 0x00000000aaaa0000)
  eden space 34944K, 100% used [0x0000000080000000, 0x0000000082220000, 0x0000000082220000)
  from space 4352K,   7% used [0x0000000082660000, 0x00000000826b27f0, 0x0000000082aa0000)
  to   space 4352K,   0% used [0x0000000082220000, 0x0000000082220000, 0x0000000082660000)
 concurrent mark-sweep generation total 457292K, used 343058K [0x00000000aaaa0000, 0x00000000c6933000, 0x0000000100000000)
 Metaspace       used 201100K, capacity 207355K, committed 209176K, reserved 1232896K
  class space    used 23798K, capacity 26255K, committed 26864K, reserved 1048576K
}
Event: 1886.021 GC heap after
{Heap after GC invocations=208 (full 10):
 par new generation   total 39296K, used 241K [0x0000000080000000, 0x0000000082aa0000, 0x00000000aaaa0000)
  eden space 34944K,   0% used [0x0000000080000000, 0x0000000080000000, 0x0000000082220000)
  from space 4352K,   5% used [0x0000000082220000, 0x000000008225c540, 0x0000000082660000)
  to   space 4352K,   0% used [0x0000000082660000, 0x0000000082660000, 0x0000000082aa0000)
 concurrent mark-sweep generation total 457292K, used 343200K [0x00000000aaaa0000, 0x00000000c6933000, 0x0000000100000000)
 Metaspace       used 201100K, capacity 207355K, committed 209176K, reserved 1232896K
  class space    used 23798K, capacity 26255K, committed 26864K, reserved 1048576K
}
Event: 1887.689 GC heap before
{Heap before GC invocations=208 (full 10):
 par new generation   total 39296K, used 35173K [0x0000000080000000, 0x0000000082aa0000, 0x00000000aaaa0000)
  eden space 34944K,  99% used [0x0000000080000000, 0x000000008221d1a8, 0x0000000082220000)
  from space 4352K,   5% used [0x0000000082220000, 0x000000008225c540, 0x0000000082660000)
  to   space 4352K,   0% used [0x0000000082660000, 0x0000000082660000, 0x0000000082aa0000)
 concurrent mark-sweep generation total 457292K, used 343200K [0x00000000aaaa0000, 0x00000000c6933000, 0x0000000100000000)
 Metaspace       used 201109K, capacity 207355K, committed 209176K, reserved 1232896K
  class space    used 23798K, capacity 26255K, committed 26864K, reserved 1048576K
}
Event: 1887.690 GC heap after
{Heap after GC invocations=209 (full 10):
 par new generation   total 39296K, used 360K [0x0000000080000000, 0x0000000082aa0000, 0x00000000aaaa0000)
  eden space 34944K,   0% used [0x0000000080000000, 0x0000000080000000, 0x0000000082220000)
  from space 4352K,   8% used [0x0000000082660000, 0x00000000826ba1c0, 0x0000000082aa0000)
  to   space 4352K,   0% used [0x0000000082220000, 0x0000000082220000, 0x0000000082660000)
 concurrent mark-sweep generation total 457292K, used 343217K [0x00000000aaaa0000, 0x00000000c6933000, 0x0000000100000000)
 Metaspace       used 201109K, capacity 207355K, committed 209176K, reserved 1232896K
  class space    used 23798K, capacity 26255K, committed 26864K, reserved 1048576K
}
Event: 1888.198 GC heap before
{Heap before GC invocations=209 (full 10):
 par new generation   total 39296K, used 35304K [0x0000000080000000, 0x0000000082aa0000, 0x00000000aaaa0000)
  eden space 34944K, 100% used [0x0000000080000000, 0x0000000082220000, 0x0000000082220000)
  from space 4352K,   8% used [0x0000000082660000, 0x00000000826ba1c0, 0x0000000082aa0000)
  to   space 4352K,   0% used [0x0000000082220000, 0x0000000082220000, 0x0000000082660000)
 concurrent mark-sweep generation total 457292K, used 343217K [0x00000000aaaa0000, 0x00000000c6933000, 0x0000000100000000)
 Metaspace       used 202092K, capacity 208420K, committed 209688K, reserved 1232896K
  class space    used 23933K, capacity 26423K, committed 26864K, reserved 1048576K
}
Event: 1888.199 GC heap after
{Heap after GC invocations=210 (full 10):
 par new generation   total 39296K, used 1371K [0x0000000080000000, 0x0000000082aa0000, 0x00000000aaaa0000)
  eden space 34944K,   0% used [0x0000000080000000, 0x0000000080000000, 0x0000000082220000)
  from space 4352K,  31% used [0x0000000082220000, 0x0000000082376cb8, 0x0000000082660000)
  to   space 4352K,   0% used [0x0000000082660000, 0x0000000082660000, 0x0000000082aa0000)
 concurrent mark-sweep generation total 457292K, used 343234K [0x00000000aaaa0000, 0x00000000c6933000, 0x0000000100000000)
 Metaspace       used 202092K, capacity 208420K, committed 209688K, reserved 1232896K
  class space    used 23933K, capacity 26423K, committed 26864K, reserved 1048576K
}
Event: 2043.842 GC heap before
{Heap before GC invocations=210 (full 10):
 par new generation   total 39296K, used 36315K [0x0000000080000000, 0x0000000082aa0000, 0x00000000aaaa0000)
  eden space 34944K, 100% used [0x0000000080000000, 0x0000000082220000, 0x0000000082220000)
  from space 4352K,  31% used [0x0000000082220000, 0x0000000082376cb8, 0x0000000082660000)
  to   space 4352K,   0% used [0x0000000082660000, 0x0000000082660000, 0x0000000082aa0000)
 concurrent mark-sweep generation total 457292K, used 343234K [0x00000000aaaa0000, 0x00000000c6933000, 0x0000000100000000)
 Metaspace       used 202185K, capacity 208579K, committed 209944K, reserved 1232896K
  class space    used 23942K, capacity 26432K, committed 26864K, reserved 1048576K
}
Event: 2043.847 GC heap after
{Heap after GC invocations=211 (full 10):
 par new generation   total 39296K, used 1578K [0x0000000080000000, 0x0000000082aa0000, 0x00000000aaaa0000)
  eden space 34944K,   0% used [0x0000000080000000, 0x0000000080000000, 0x0000000082220000)
  from space 4352K,  36% used [0x0000000082660000, 0x00000000827ea9d0, 0x0000000082aa0000)
  to   space 4352K,   0% used [0x0000000082220000, 0x0000000082220000, 0x0000000082660000)
 concurrent mark-sweep generation total 457292K, used 343250K [0x00000000aaaa0000, 0x00000000c6933000, 0x0000000100000000)
 Metaspace       used 202185K, capacity 208579K, committed 209944K, reserved 1232896K
  class space    used 23942K, capacity 26432K, committed 26864K, reserved 1048576K
}
Event: 2258.032 GC heap before
{Heap before GC invocations=211 (full 10):
 par new generation   total 39296K, used 36522K [0x0000000080000000, 0x0000000082aa0000, 0x00000000aaaa0000)
  eden space 34944K,  99% used [0x0000000080000000, 0x000000008221fff8, 0x0000000082220000)
  from space 4352K,  36% used [0x0000000082660000, 0x00000000827ea9d0, 0x0000000082aa0000)
  to   space 4352K,   0% used [0x0000000082220000, 0x0000000082220000, 0x0000000082660000)
 concurrent mark-sweep generation total 457292K, used 343250K [0x00000000aaaa0000, 0x00000000c6933000, 0x0000000100000000)
 Metaspace       used 202205K, capacity 208579K, committed 209944K, reserved 1232896K
  class space    used 23942K, capacity 26432K, committed 26864K, reserved 1048576K
}
Event: 2258.033 GC heap after
{Heap after GC invocations=212 (full 10):
 par new generation   total 39296K, used 1004K [0x0000000080000000, 0x0000000082aa0000, 0x00000000aaaa0000)
  eden space 34944K,   0% used [0x0000000080000000, 0x0000000080000000, 0x0000000082220000)
  from space 4352K,  23% used [0x0000000082220000, 0x000000008231b380, 0x0000000082660000)
  to   space 4352K,   0% used [0x0000000082660000, 0x0000000082660000, 0x0000000082aa0000)
 concurrent mark-sweep generation total 457292K, used 343252K [0x00000000aaaa0000, 0x00000000c6933000, 0x0000000100000000)
 Metaspace       used 202205K, capacity 208579K, committed 209944K, reserved 1232896K
  class space    used 23942K, capacity 26432K, committed 26864K, reserved 1048576K
}
Event: 2258.193 GC heap before
{Heap before GC invocations=212 (full 10):
 par new generation   total 39296K, used 35948K [0x0000000080000000, 0x0000000082aa0000, 0x00000000aaaa0000)
  eden space 34944K, 100% used [0x0000000080000000, 0x0000000082220000, 0x0000000082220000)
  from space 4352K,  23% used [0x0000000082220000, 0x000000008231b380, 0x0000000082660000)
  to   space 4352K,   0% used [0x0000000082660000, 0x0000000082660000, 0x0000000082aa0000)
 concurrent mark-sweep generation total 457292K, used 343252K [0x00000000aaaa0000, 0x00000000c6933000, 0x0000000100000000)
 Metaspace       used 202205K, capacity 208579K, committed 209944K, reserved 1232896K
  class space    used 23942K, capacity 26432K, committed 26864K, reserved 1048576K
}
Event: 2258.195 GC heap after
{Heap after GC invocations=213 (full 10):
 par new generation   total 39296K, used 735K [0x0000000080000000, 0x0000000082aa0000, 0x00000000aaaa0000)
  eden space 34944K,   0% used [0x0000000080000000, 0x0000000080000000, 0x0000000082220000)
  from space 4352K,  16% used [0x0000000082660000, 0x0000000082717cc0, 0x0000000082aa0000)
  to   space 4352K,   0% used [0x0000000082220000, 0x0000000082220000, 0x0000000082660000)
 concurrent mark-sweep generation total 457292K, used 343254K [0x00000000aaaa0000, 0x00000000c6933000, 0x0000000100000000)
 Metaspace       used 202205K, capacity 208579K, committed 209944K, reserved 1232896K
  class space    used 23942K, capacity 26432K, committed 26864K, reserved 1048576K
}

