# JRE version: OpenJDK Runtime Environment (11.0.7+10) (build 11.0.7+10-b765.65)
# Java VM: OpenJDK 64-Bit Server VM (11.0.7+10-b765.65, mixed mode, tiered, compressed oops, concurrent mark sweep gc, linux-amd64)
Heap:
 par new generation   total 629120K, used 182431K [0x0000000080000000, 0x00000000aaaa0000, 0x00000000aaaa0000)
  eden space 559232K,  32% used [0x0000000080000000, 0x000000008aeeb038, 0x00000000a2220000)
  from space 69888K,   4% used [0x00000000a6660000, 0x00000000a699cd78, 0x00000000aaaa0000)
  to   space 69888K,   0% used [0x00000000a2220000, 0x00000000a2220000, 0x00000000a6660000)
 concurrent mark-sweep generation total 1398144K, used 932273K [0x00000000aaaa0000, 0x0000000100000000, 0x0000000100000000)
 Metaspace       used 252369K, capacity 260205K, committed 260324K, reserved 1277952K
  class space    used 28747K, capacity 31843K, committed 31856K, reserved 1048576K
GC Heap History (20 events):
Event: 79855.229 GC heap before
{Heap before GC invocations=2358 (full 30):
 par new generation   total 629120K, used 559305K [0x0000000080000000, 0x00000000aaaa0000, 0x00000000aaaa0000)
  eden space 559232K, 100% used [0x0000000080000000, 0x00000000a2220000, 0x00000000a2220000)
  from space 69888K,   0% used [0x00000000a6660000, 0x00000000a66725b0, 0x00000000aaaa0000)
  to   space 69888K,   0% used [0x00000000a2220000, 0x00000000a2220000, 0x00000000a6660000)
 concurrent mark-sweep generation total 1398144K, used 932258K [0x00000000aaaa0000, 0x0000000100000000, 0x0000000100000000)
 Metaspace       used 252268K, capacity 260050K, committed 260324K, reserved 1277952K
  class space    used 28735K, capacity 31834K, committed 31856K, reserved 1048576K
}
Event: 79855.231 GC heap after
{Heap after GC invocations=2359 (full 30):
 par new generation   total 629120K, used 56K [0x0000000080000000, 0x00000000aaaa0000, 0x00000000aaaa0000)
  eden space 559232K,   0% used [0x0000000080000000, 0x0000000080000000, 0x00000000a2220000)
  from space 69888K,   0% used [0x00000000a2220000, 0x00000000a222e140, 0x00000000a6660000)
  to   space 69888K,   0% used [0x00000000a6660000, 0x00000000a6660000, 0x00000000aaaa0000)
 concurrent mark-sweep generation total 1398144K, used 932259K [0x00000000aaaa0000, 0x0000000100000000, 0x0000000100000000)
 Metaspace       used 252268K, capacity 260050K, committed 260324K, reserved 1277952K
  class space    used 28735K, capacity 31834K, committed 31856K, reserved 1048576K
}
Event: 79856.656 GC heap before
{Heap before GC invocations=2359 (full 30):
 par new generation   total 629120K, used 559288K [0x0000000080000000, 0x00000000aaaa0000, 0x00000000aaaa0000)
  eden space 559232K, 100% used [0x0000000080000000, 0x00000000a2220000, 0x00000000a2220000)
  from space 69888K,   0% used [0x00000000a2220000, 0x00000000a222e140, 0x00000000a6660000)
  to   space 69888K,   0% used [0x00000000a6660000, 0x00000000a6660000, 0x00000000aaaa0000)
 concurrent mark-sweep generation total 1398144K, used 932259K [0x00000000aaaa0000, 0x0000000100000000, 0x0000000100000000)
 Metaspace       used 252268K, capacity 260050K, committed 260324K, reserved 1277952K
  class space    used 28735K, capacity 31834K, committed 31856K, reserved 1048576K
}
Event: 79856.657 GC heap after
{Heap after GC invocations=2360 (full 30):
 par new generation   total 629120K, used 56K [0x0000000080000000, 0x00000000aaaa0000, 0x00000000aaaa0000)
  eden space 559232K,   0% used [0x0000000080000000, 0x0000000080000000, 0x00000000a2220000)
  from space 69888K,   0% used [0x00000000a6660000, 0x00000000a666e190, 0x00000000aaaa0000)
  to   space 69888K,   0% used [0x00000000a2220000, 0x00000000a2220000, 0x00000000a6660000)
 concurrent mark-sweep generation total 1398144K, used 932261K [0x00000000aaaa0000, 0x0000000100000000, 0x0000000100000000)
 Metaspace       used 252268K, capacity 260050K, committed 260324K, reserved 1277952K
  class space    used 28735K, capacity 31834K, committed 31856K, reserved 1048576K
}
Event: 79857.986 GC heap before
{Heap before GC invocations=2360 (full 30):
 par new generation   total 629120K, used 559288K [0x0000000080000000, 0x00000000aaaa0000, 0x00000000aaaa0000)
  eden space 559232K, 100% used [0x0000000080000000, 0x00000000a2220000, 0x00000000a2220000)
  from space 69888K,   0% used [0x00000000a6660000, 0x00000000a666e190, 0x00000000aaaa0000)
  to   space 69888K,   0% used [0x00000000a2220000, 0x00000000a2220000, 0x00000000a6660000)
 concurrent mark-sweep generation total 1398144K, used 932261K [0x00000000aaaa0000, 0x0000000100000000, 0x0000000100000000)
 Metaspace       used 252268K, capacity 260050K, committed 260324K, reserved 1277952K
  class space    used 28735K, capacity 31834K, committed 31856K, reserved 1048576K
}
Event: 79857.989 GC heap after
{Heap after GC invocations=2361 (full 30):
 par new generation   total 629120K, used 80K [0x0000000080000000, 0x00000000aaaa0000, 0x00000000aaaa0000)
  eden space 559232K,   0% used [0x0000000080000000, 0x0000000080000000, 0x00000000a2220000)
  from space 69888K,   0% used [0x00000000a2220000, 0x00000000a2234250, 0x00000000a6660000)
  to   space 69888K,   0% used [0x00000000a6660000, 0x00000000a6660000, 0x00000000aaaa0000)
 concurrent mark-sweep generation total 1398144K, used 932261K [0x00000000aaaa0000, 0x0000000100000000, 0x0000000100000000)
 Metaspace       used 252268K, capacity 260050K, committed 260324K, reserved 1277952K
  class space    used 28735K, capacity 31834K, committed 31856K, reserved 1048576K
}
Event: 79859.266 GC heap before
{Heap before GC invocations=2361 (full 30):
 par new generation   total 629120K, used 559312K [0x0000000080000000, 0x00000000aaaa0000, 0x00000000aaaa0000)
  eden space 559232K, 100% used [0x0000000080000000, 0x00000000a2220000, 0x00000000a2220000)
  from space 69888K,   0% used [0x00000000a2220000, 0x00000000a2234250, 0x00000000a6660000)
  to   space 69888K,   0% used [0x00000000a6660000, 0x00000000a6660000, 0x00000000aaaa0000)
 concurrent mark-sweep generation total 1398144K, used 932261K [0x00000000aaaa0000, 0x0000000100000000, 0x0000000100000000)
 Metaspace       used 252268K, capacity 260050K, committed 260324K, reserved 1277952K
  class space    used 28735K, capacity 31834K, committed 31856K, reserved 1048576K
}
Event: 79859.268 GC heap after
{Heap after GC invocations=2362 (full 30):
 par new generation   total 629120K, used 69K [0x0000000080000000, 0x00000000aaaa0000, 0x00000000aaaa0000)
  eden space 559232K,   0% used [0x0000000080000000, 0x0000000080000000, 0x00000000a2220000)
  from space 69888K,   0% used [0x00000000a6660000, 0x00000000a6671490, 0x00000000aaaa0000)
  to   space 69888K,   0% used [0x00000000a2220000, 0x00000000a2220000, 0x00000000a6660000)
 concurrent mark-sweep generation total 1398144K, used 932261K [0x00000000aaaa0000, 0x0000000100000000, 0x0000000100000000)
 Metaspace       used 252268K, capacity 260050K, committed 260324K, reserved 1277952K
  class space    used 28735K, capacity 31834K, committed 31856K, reserved 1048576K
}
Event: 79860.622 GC heap before
{Heap before GC invocations=2362 (full 30):
 par new generation   total 629120K, used 559301K [0x0000000080000000, 0x00000000aaaa0000, 0x00000000aaaa0000)
  eden space 559232K, 100% used [0x0000000080000000, 0x00000000a2220000, 0x00000000a2220000)
  from space 69888K,   0% used [0x00000000a6660000, 0x00000000a6671490, 0x00000000aaaa0000)
  to   space 69888K,   0% used [0x00000000a2220000, 0x00000000a2220000, 0x00000000a6660000)
 concurrent mark-sweep generation total 1398144K, used 932261K [0x00000000aaaa0000, 0x0000000100000000, 0x0000000100000000)
 Metaspace       used 252268K, capacity 260050K, committed 260324K, reserved 1277952K
  class space    used 28735K, capacity 31834K, committed 31856K, reserved 1048576K
}
Event: 79860.624 GC heap after
{Heap after GC invocations=2363 (full 30):
 par new generation   total 629120K, used 74K [0x0000000080000000, 0x00000000aaaa0000, 0x00000000aaaa0000)
  eden space 559232K,   0% used [0x0000000080000000, 0x0000000080000000, 0x00000000a2220000)
  from space 69888K,   0% used [0x00000000a2220000, 0x00000000a2232828, 0x00000000a6660000)
  to   space 69888K,   0% used [0x00000000a6660000, 0x00000000a6660000, 0x00000000aaaa0000)
 concurrent mark-sweep generation total 1398144K, used 932261K [0x00000000aaaa0000, 0x0000000100000000, 0x0000000100000000)
 Metaspace       used 252268K, capacity 260050K, committed 260324K, reserved 1277952K
  class space    used 28735K, capacity 31834K, committed 31856K, reserved 1048576K
}
Event: 79861.949 GC heap before
{Heap before GC invocations=2363 (full 30):
 par new generation   total 629120K, used 559306K [0x0000000080000000, 0x00000000aaaa0000, 0x00000000aaaa0000)
  eden space 559232K, 100% used [0x0000000080000000, 0x00000000a2220000, 0x00000000a2220000)
  from space 69888K,   0% used [0x00000000a2220000, 0x00000000a2232828, 0x00000000a6660000)
  to   space 69888K,   0% used [0x00000000a6660000, 0x00000000a6660000, 0x00000000aaaa0000)
 concurrent mark-sweep generation total 1398144K, used 932261K [0x00000000aaaa0000, 0x0000000100000000, 0x0000000100000000)
 Metaspace       used 252268K, capacity 260050K, committed 260324K, reserved 1277952K
  class space    used 28735K, capacity 31834K, committed 31856K, reserved 1048576K
}
Event: 79861.951 GC heap after
{Heap after GC invocations=2364 (full 30):
 par new generation   total 629120K, used 81K [0x0000000080000000, 0x00000000aaaa0000, 0x00000000aaaa0000)
  eden space 559232K,   0% used [0x0000000080000000, 0x0000000080000000, 0x00000000a2220000)
  from space 69888K,   0% used [0x00000000a6660000, 0x00000000a6674578, 0x00000000aaaa0000)
  to   space 69888K,   0% used [0x00000000a2220000, 0x00000000a2220000, 0x00000000a6660000)
 concurrent mark-sweep generation total 1398144K, used 932261K [0x00000000aaaa0000, 0x0000000100000000, 0x0000000100000000)
 Metaspace       used 252268K, capacity 260050K, committed 260324K, reserved 1277952K
  class space    used 28735K, capacity 31834K, committed 31856K, reserved 1048576K
}
Event: 79863.355 GC heap before
{Heap before GC invocations=2364 (full 30):
 par new generation   total 629120K, used 559313K [0x0000000080000000, 0x00000000aaaa0000, 0x00000000aaaa0000)
  eden space 559232K, 100% used [0x0000000080000000, 0x00000000a2220000, 0x00000000a2220000)
  from space 69888K,   0% used [0x00000000a6660000, 0x00000000a6674578, 0x00000000aaaa0000)
  to   space 69888K,   0% used [0x00000000a2220000, 0x00000000a2220000, 0x00000000a6660000)
 concurrent mark-sweep generation total 1398144K, used 932261K [0x00000000aaaa0000, 0x0000000100000000, 0x0000000100000000)
 Metaspace       used 252268K, capacity 260050K, committed 260324K, reserved 1277952K
  class space    used 28735K, capacity 31834K, committed 31856K, reserved 1048576K
}
Event: 79863.356 GC heap after
{Heap after GC invocations=2365 (full 30):
 par new generation   total 629120K, used 62K [0x0000000080000000, 0x00000000aaaa0000, 0x00000000aaaa0000)
  eden space 559232K,   0% used [0x0000000080000000, 0x0000000080000000, 0x00000000a2220000)
  from space 69888K,   0% used [0x00000000a2220000, 0x00000000a222f900, 0x00000000a6660000)
  to   space 69888K,   0% used [0x00000000a6660000, 0x00000000a6660000, 0x00000000aaaa0000)
 concurrent mark-sweep generation total 1398144K, used 932261K [0x00000000aaaa0000, 0x0000000100000000, 0x0000000100000000)
 Metaspace       used 252268K, capacity 260050K, committed 260324K, reserved 1277952K
  class space    used 28735K, capacity 31834K, committed 31856K, reserved 1048576K
}
Event: 79864.737 GC heap before
{Heap before GC invocations=2365 (full 30):
 par new generation   total 629120K, used 559294K [0x0000000080000000, 0x00000000aaaa0000, 0x00000000aaaa0000)
  eden space 559232K, 100% used [0x0000000080000000, 0x00000000a2220000, 0x00000000a2220000)
  from space 69888K,   0% used [0x00000000a2220000, 0x00000000a222f900, 0x00000000a6660000)
  to   space 69888K,   0% used [0x00000000a6660000, 0x00000000a6660000, 0x00000000aaaa0000)
 concurrent mark-sweep generation total 1398144K, used 932261K [0x00000000aaaa0000, 0x0000000100000000, 0x0000000100000000)
 Metaspace       used 252268K, capacity 260050K, committed 260324K, reserved 1277952K
  class space    used 28735K, capacity 31834K, committed 31856K, reserved 1048576K
}
Event: 79864.738 GC heap after
{Heap after GC invocations=2366 (full 30):
 par new generation   total 629120K, used 68K [0x0000000080000000, 0x00000000aaaa0000, 0x00000000aaaa0000)
  eden space 559232K,   0% used [0x0000000080000000, 0x0000000080000000, 0x00000000a2220000)
  from space 69888K,   0% used [0x00000000a6660000, 0x00000000a6671058, 0x00000000aaaa0000)
  to   space 69888K,   0% used [0x00000000a2220000, 0x00000000a2220000, 0x00000000a6660000)
 concurrent mark-sweep generation total 1398144K, used 932261K [0x00000000aaaa0000, 0x0000000100000000, 0x0000000100000000)
 Metaspace       used 252268K, capacity 260050K, committed 260324K, reserved 1277952K
  class space    used 28735K, capacity 31834K, committed 31856K, reserved 1048576K
}
Event: 79866.292 GC heap before
{Heap before GC invocations=2366 (full 30):
 par new generation   total 629120K, used 559300K [0x0000000080000000, 0x00000000aaaa0000, 0x00000000aaaa0000)
  eden space 559232K, 100% used [0x0000000080000000, 0x00000000a2220000, 0x00000000a2220000)
  from space 69888K,   0% used [0x00000000a6660000, 0x00000000a6671058, 0x00000000aaaa0000)
  to   space 69888K,   0% used [0x00000000a2220000, 0x00000000a2220000, 0x00000000a6660000)
 concurrent mark-sweep generation total 1398144K, used 932261K [0x00000000aaaa0000, 0x0000000100000000, 0x0000000100000000)
 Metaspace       used 252268K, capacity 260050K, committed 260324K, reserved 1277952K
  class space    used 28735K, capacity 31834K, committed 31856K, reserved 1048576K
}
Event: 79866.293 GC heap after
{Heap after GC invocations=2367 (full 30):
 par new generation   total 629120K, used 79K [0x0000000080000000, 0x00000000aaaa0000, 0x00000000aaaa0000)
  eden space 559232K,   0% used [0x0000000080000000, 0x0000000080000000, 0x00000000a2220000)
  from space 69888K,   0% used [0x00000000a2220000, 0x00000000a2233c78, 0x00000000a6660000)
  to   space 69888K,   0% used [0x00000000a6660000, 0x00000000a6660000, 0x00000000aaaa0000)
 concurrent mark-sweep generation total 1398144K, used 932273K [0x00000000aaaa0000, 0x0000000100000000, 0x0000000100000000)
 Metaspace       used 252268K, capacity 260050K, committed 260324K, reserved 1277952K
  class space    used 28735K, capacity 31834K, committed 31856K, reserved 1048576K
}
Event: 79927.727 GC heap before
{Heap before GC invocations=2367 (full 30):
 par new generation   total 629120K, used 559311K [0x0000000080000000, 0x00000000aaaa0000, 0x00000000aaaa0000)
  eden space 559232K,  99% used [0x0000000080000000, 0x00000000a221fff8, 0x00000000a2220000)
  from space 69888K,   0% used [0x00000000a2220000, 0x00000000a2233c78, 0x00000000a6660000)
  to   space 69888K,   0% used [0x00000000a6660000, 0x00000000a6660000, 0x00000000aaaa0000)
 concurrent mark-sweep generation total 1398144K, used 932273K [0x00000000aaaa0000, 0x0000000100000000, 0x0000000100000000)
 Metaspace       used 252278K, capacity 260050K, committed 260324K, reserved 1277952K
  class space    used 28735K, capacity 31834K, committed 31856K, reserved 1048576K
}
Event: 79927.730 GC heap after
{Heap after GC invocations=2368 (full 30):
 par new generation   total 629120K, used 3315K [0x0000000080000000, 0x00000000aaaa0000, 0x00000000aaaa0000)
  eden space 559232K,   0% used [0x0000000080000000, 0x0000000080000000, 0x00000000a2220000)
  from space 69888K,   4% used [0x00000000a6660000, 0x00000000a699cd78, 0x00000000aaaa0000)
  to   space 69888K,   0% used [0x00000000a2220000, 0x00000000a2220000, 0x00000000a6660000)
 concurrent mark-sweep generation total 1398144K, used 932273K [0x00000000aaaa0000, 0x0000000100000000, 0x0000000100000000)
 Metaspace       used 252278K, capacity 260050K, committed 260324K, reserved 1277952K
  class space    used 28735K, capacity 31834K, committed 31856K, reserved 1048576K
}

